{"C:\\НАШЕ ВСЕ\\Обучение\\Фронтенд-разработчик\\_ПРОЕКТНЫЙ месяц\\SP\\develop\\UI_fix_all\\handbook\\src\\services\\store.ts": {"path":"C:\\НАШЕ ВСЕ\\Обучение\\Фронтенд-разработчик\\_ПРОЕКТНЫЙ месяц\\SP\\develop\\UI_fix_all\\handbook\\src\\services\\store.ts","all":false,"statementMap":{"0":{"start":{"line":1,"column":0},"end":{"line":1,"column":67}},"1":{"start":{"line":2,"column":0},"end":{"line":2,"column":54}},"2":{"start":{"line":3,"column":0},"end":{"line":3,"column":44}},"3":{"start":{"line":4,"column":0},"end":{"line":4,"column":45}},"4":{"start":{"line":5,"column":0},"end":{"line":5,"column":45}},"5":{"start":{"line":6,"column":0},"end":{"line":6,"column":0}},"6":{"start":{"line":7,"column":0},"end":{"line":7,"column":8}},"7":{"start":{"line":8,"column":0},"end":{"line":8,"column":23}},"8":{"start":{"line":9,"column":0},"end":{"line":9,"column":30}},"9":{"start":{"line":10,"column":0},"end":{"line":10,"column":29}},"10":{"start":{"line":11,"column":0},"end":{"line":11,"column":21}},"11":{"start":{"line":12,"column":0},"end":{"line":12,"column":0}},"12":{"start":{"line":13,"column":0},"end":{"line":13,"column":44}},"13":{"start":{"line":14,"column":0},"end":{"line":14,"column":27}},"14":{"start":{"line":15,"column":0},"end":{"line":15,"column":37}},"15":{"start":{"line":16,"column":0},"end":{"line":16,"column":27}},"16":{"start":{"line":17,"column":0},"end":{"line":17,"column":26}},"17":{"start":{"line":18,"column":0},"end":{"line":18,"column":3}},"18":{"start":{"line":19,"column":0},"end":{"line":19,"column":0}},"19":{"start":{"line":20,"column":0},"end":{"line":20,"column":37}},"20":{"start":{"line":21,"column":0},"end":{"line":21,"column":23}},"21":{"start":{"line":22,"column":0},"end":{"line":22,"column":49}},"22":{"start":{"line":23,"column":0},"end":{"line":23,"column":3}},"23":{"start":{"line":24,"column":0},"end":{"line":24,"column":0}},"24":{"start":{"line":25,"column":0},"end":{"line":25,"column":67}},"25":{"start":{"line":26,"column":0},"end":{"line":26,"column":73}},"26":{"start":{"line":27,"column":0},"end":{"line":27,"column":48}},"27":{"start":{"line":28,"column":0},"end":{"line":28,"column":58}},"28":{"start":{"line":29,"column":0},"end":{"line":29,"column":21}}},"s":{"0":1,"1":1,"2":1,"3":1,"4":1,"5":1,"6":1,"7":1,"8":1,"9":1,"10":1,"11":1,"12":1,"13":1,"14":1,"15":1,"16":1,"17":1,"18":1,"19":1,"20":1,"21":1,"22":1,"23":1,"24":1,"25":1,"26":1,"27":1,"28":1},"branchMap":{},"b":{},"fnMap":{"0":{"name":"useDispatch","decl":{"start":{"line":25,"column":46},"end":{"line":25,"column":67}},"loc":{"start":{"line":25,"column":46},"end":{"line":25,"column":67}},"line":25}},"f":{"0":0}}
,"C:\\НАШЕ ВСЕ\\Обучение\\Фронтенд-разработчик\\_ПРОЕКТНЫЙ месяц\\SP\\develop\\UI_fix_all\\handbook\\src\\services\\slices\\cardSlice.ts": {"path":"C:\\НАШЕ ВСЕ\\Обучение\\Фронтенд-разработчик\\_ПРОЕКТНЫЙ месяц\\SP\\develop\\UI_fix_all\\handbook\\src\\services\\slices\\cardSlice.ts","all":false,"statementMap":{"0":{"start":{"line":1,"column":0},"end":{"line":1,"column":8}},"1":{"start":{"line":2,"column":0},"end":{"line":2,"column":13}},"2":{"start":{"line":3,"column":0},"end":{"line":3,"column":21}},"3":{"start":{"line":4,"column":0},"end":{"line":4,"column":20}},"4":{"start":{"line":5,"column":0},"end":{"line":5,"column":13}},"5":{"start":{"line":6,"column":0},"end":{"line":6,"column":13}},"6":{"start":{"line":7,"column":0},"end":{"line":7,"column":34}},"7":{"start":{"line":8,"column":0},"end":{"line":8,"column":8}},"8":{"start":{"line":9,"column":0},"end":{"line":9,"column":19}},"9":{"start":{"line":10,"column":0},"end":{"line":10,"column":14}},"10":{"start":{"line":11,"column":0},"end":{"line":11,"column":17}},"11":{"start":{"line":12,"column":0},"end":{"line":12,"column":26}},"12":{"start":{"line":13,"column":0},"end":{"line":13,"column":37}},"13":{"start":{"line":14,"column":0},"end":{"line":14,"column":49}},"14":{"start":{"line":15,"column":0},"end":{"line":15,"column":0}},"15":{"start":{"line":16,"column":0},"end":{"line":16,"column":58}},"16":{"start":{"line":17,"column":0},"end":{"line":17,"column":19}},"17":{"start":{"line":18,"column":0},"end":{"line":18,"column":79}},"18":{"start":{"line":19,"column":0},"end":{"line":19,"column":2}},"19":{"start":{"line":20,"column":0},"end":{"line":20,"column":0}},"20":{"start":{"line":21,"column":0},"end":{"line":21,"column":54}},"21":{"start":{"line":22,"column":0},"end":{"line":22,"column":18}},"22":{"start":{"line":23,"column":0},"end":{"line":23,"column":69}},"23":{"start":{"line":24,"column":0},"end":{"line":24,"column":2}},"24":{"start":{"line":25,"column":0},"end":{"line":25,"column":0}},"25":{"start":{"line":26,"column":0},"end":{"line":26,"column":40}},"26":{"start":{"line":27,"column":0},"end":{"line":27,"column":8}},"27":{"start":{"line":28,"column":0},"end":{"line":28,"column":36}},"28":{"start":{"line":29,"column":0},"end":{"line":29,"column":2}},"29":{"start":{"line":30,"column":0},"end":{"line":30,"column":18}},"30":{"start":{"line":31,"column":0},"end":{"line":31,"column":10}},"31":{"start":{"line":32,"column":0},"end":{"line":32,"column":15}},"32":{"start":{"line":33,"column":0},"end":{"line":33,"column":6}},"33":{"start":{"line":34,"column":0},"end":{"line":34,"column":6}},"34":{"start":{"line":35,"column":0},"end":{"line":35,"column":23}},"35":{"start":{"line":36,"column":0},"end":{"line":36,"column":15}},"36":{"start":{"line":37,"column":0},"end":{"line":37,"column":56}},"37":{"start":{"line":38,"column":0},"end":{"line":38,"column":2}},"38":{"start":{"line":39,"column":0},"end":{"line":39,"column":0}},"39":{"start":{"line":40,"column":0},"end":{"line":40,"column":47}},"40":{"start":{"line":41,"column":0},"end":{"line":41,"column":8}},"41":{"start":{"line":42,"column":0},"end":{"line":42,"column":50}},"42":{"start":{"line":43,"column":0},"end":{"line":43,"column":2}},"43":{"start":{"line":44,"column":0},"end":{"line":44,"column":21}},"44":{"start":{"line":45,"column":0},"end":{"line":45,"column":16}},"45":{"start":{"line":46,"column":0},"end":{"line":46,"column":23}},"46":{"start":{"line":47,"column":0},"end":{"line":47,"column":15}},"47":{"start":{"line":48,"column":0},"end":{"line":48,"column":17}},"48":{"start":{"line":49,"column":0},"end":{"line":49,"column":53}},"49":{"start":{"line":50,"column":0},"end":{"line":50,"column":2}},"50":{"start":{"line":51,"column":0},"end":{"line":51,"column":0}},"51":{"start":{"line":52,"column":0},"end":{"line":52,"column":48}},"52":{"start":{"line":53,"column":0},"end":{"line":53,"column":6}},"53":{"start":{"line":54,"column":0},"end":{"line":54,"column":40}},"54":{"start":{"line":55,"column":0},"end":{"line":55,"column":2}},"55":{"start":{"line":56,"column":0},"end":{"line":56,"column":26}},"56":{"start":{"line":57,"column":0},"end":{"line":57,"column":10}},"57":{"start":{"line":58,"column":0},"end":{"line":58,"column":14}},"58":{"start":{"line":59,"column":0},"end":{"line":59,"column":13}},"59":{"start":{"line":60,"column":0},"end":{"line":60,"column":6}},"60":{"start":{"line":61,"column":0},"end":{"line":61,"column":22}},"61":{"start":{"line":62,"column":0},"end":{"line":62,"column":20}},"62":{"start":{"line":63,"column":0},"end":{"line":63,"column":72}},"63":{"start":{"line":64,"column":0},"end":{"line":64,"column":2}},"64":{"start":{"line":65,"column":0},"end":{"line":65,"column":0}},"65":{"start":{"line":66,"column":0},"end":{"line":66,"column":27}},"66":{"start":{"line":67,"column":0},"end":{"line":67,"column":21}},"67":{"start":{"line":68,"column":0},"end":{"line":68,"column":32}},"68":{"start":{"line":69,"column":0},"end":{"line":69,"column":16}},"69":{"start":{"line":70,"column":0},"end":{"line":70,"column":2}},"70":{"start":{"line":71,"column":0},"end":{"line":71,"column":42}},"71":{"start":{"line":72,"column":0},"end":{"line":72,"column":18}},"72":{"start":{"line":73,"column":0},"end":{"line":73,"column":14}},"73":{"start":{"line":74,"column":0},"end":{"line":74,"column":10}},"74":{"start":{"line":75,"column":0},"end":{"line":75,"column":2}},"75":{"start":{"line":76,"column":0},"end":{"line":76,"column":0}},"76":{"start":{"line":77,"column":0},"end":{"line":77,"column":39}},"77":{"start":{"line":78,"column":0},"end":{"line":78,"column":16}},"78":{"start":{"line":79,"column":0},"end":{"line":79,"column":15}},"79":{"start":{"line":80,"column":0},"end":{"line":80,"column":13}},"80":{"start":{"line":81,"column":0},"end":{"line":81,"column":30}},"81":{"start":{"line":82,"column":0},"end":{"line":82,"column":17}},"82":{"start":{"line":83,"column":0},"end":{"line":83,"column":12}},"83":{"start":{"line":84,"column":0},"end":{"line":84,"column":63}},"84":{"start":{"line":85,"column":0},"end":{"line":85,"column":10}},"85":{"start":{"line":86,"column":0},"end":{"line":86,"column":78}},"86":{"start":{"line":87,"column":0},"end":{"line":87,"column":6}},"87":{"start":{"line":88,"column":0},"end":{"line":88,"column":0}},"88":{"start":{"line":89,"column":0},"end":{"line":89,"column":55}},"89":{"start":{"line":90,"column":0},"end":{"line":90,"column":38}},"90":{"start":{"line":91,"column":0},"end":{"line":91,"column":6}},"91":{"start":{"line":92,"column":0},"end":{"line":92,"column":0}},"92":{"start":{"line":93,"column":0},"end":{"line":93,"column":58}},"93":{"start":{"line":94,"column":0},"end":{"line":94,"column":41}},"94":{"start":{"line":95,"column":0},"end":{"line":95,"column":79}},"95":{"start":{"line":96,"column":0},"end":{"line":96,"column":0}},"96":{"start":{"line":97,"column":0},"end":{"line":97,"column":25}},"97":{"start":{"line":98,"column":0},"end":{"line":98,"column":50}},"98":{"start":{"line":99,"column":0},"end":{"line":99,"column":33}},"99":{"start":{"line":100,"column":0},"end":{"line":100,"column":77}},"100":{"start":{"line":101,"column":0},"end":{"line":101,"column":7}},"101":{"start":{"line":102,"column":0},"end":{"line":102,"column":5}},"102":{"start":{"line":103,"column":0},"end":{"line":103,"column":4}},"103":{"start":{"line":104,"column":0},"end":{"line":104,"column":31}},"104":{"start":{"line":105,"column":0},"end":{"line":105,"column":11}},"105":{"start":{"line":106,"column":0},"end":{"line":106,"column":53}},"106":{"start":{"line":107,"column":0},"end":{"line":107,"column":31}},"107":{"start":{"line":108,"column":0},"end":{"line":108,"column":27}},"108":{"start":{"line":109,"column":0},"end":{"line":109,"column":8}},"109":{"start":{"line":110,"column":0},"end":{"line":110,"column":55}},"110":{"start":{"line":111,"column":0},"end":{"line":111,"column":32}},"111":{"start":{"line":112,"column":0},"end":{"line":112,"column":27}},"112":{"start":{"line":113,"column":0},"end":{"line":113,"column":36}},"113":{"start":{"line":114,"column":0},"end":{"line":114,"column":8}},"114":{"start":{"line":115,"column":0},"end":{"line":115,"column":54}},"115":{"start":{"line":116,"column":0},"end":{"line":116,"column":32}},"116":{"start":{"line":117,"column":0},"end":{"line":117,"column":35}},"117":{"start":{"line":118,"column":0},"end":{"line":118,"column":8}},"118":{"start":{"line":119,"column":0},"end":{"line":119,"column":52}},"119":{"start":{"line":120,"column":0},"end":{"line":120,"column":31}},"120":{"start":{"line":121,"column":0},"end":{"line":121,"column":27}},"121":{"start":{"line":122,"column":0},"end":{"line":122,"column":8}},"122":{"start":{"line":123,"column":0},"end":{"line":123,"column":54}},"123":{"start":{"line":124,"column":0},"end":{"line":124,"column":32}},"124":{"start":{"line":125,"column":0},"end":{"line":125,"column":27}},"125":{"start":{"line":126,"column":0},"end":{"line":126,"column":40}},"126":{"start":{"line":127,"column":0},"end":{"line":127,"column":8}},"127":{"start":{"line":128,"column":0},"end":{"line":128,"column":53}},"128":{"start":{"line":129,"column":0},"end":{"line":129,"column":32}},"129":{"start":{"line":130,"column":0},"end":{"line":130,"column":35}},"130":{"start":{"line":131,"column":0},"end":{"line":131,"column":8}},"131":{"start":{"line":132,"column":0},"end":{"line":132,"column":59}},"132":{"start":{"line":133,"column":0},"end":{"line":133,"column":31}},"133":{"start":{"line":134,"column":0},"end":{"line":134,"column":27}},"134":{"start":{"line":135,"column":0},"end":{"line":135,"column":8}},"135":{"start":{"line":136,"column":0},"end":{"line":136,"column":61}},"136":{"start":{"line":137,"column":0},"end":{"line":137,"column":32}},"137":{"start":{"line":138,"column":0},"end":{"line":138,"column":27}},"138":{"start":{"line":139,"column":0},"end":{"line":139,"column":41}},"139":{"start":{"line":140,"column":0},"end":{"line":140,"column":49}},"140":{"start":{"line":141,"column":0},"end":{"line":141,"column":10}},"141":{"start":{"line":142,"column":0},"end":{"line":142,"column":23}},"142":{"start":{"line":143,"column":0},"end":{"line":143,"column":46}},"143":{"start":{"line":144,"column":0},"end":{"line":144,"column":97}},"144":{"start":{"line":145,"column":0},"end":{"line":145,"column":9}},"145":{"start":{"line":146,"column":0},"end":{"line":146,"column":8}},"146":{"start":{"line":147,"column":0},"end":{"line":147,"column":60}},"147":{"start":{"line":148,"column":0},"end":{"line":148,"column":32}},"148":{"start":{"line":149,"column":0},"end":{"line":149,"column":35}},"149":{"start":{"line":150,"column":0},"end":{"line":150,"column":8}},"150":{"start":{"line":151,"column":0},"end":{"line":151,"column":52}},"151":{"start":{"line":152,"column":0},"end":{"line":152,"column":31}},"152":{"start":{"line":153,"column":0},"end":{"line":153,"column":27}},"153":{"start":{"line":154,"column":0},"end":{"line":154,"column":8}},"154":{"start":{"line":155,"column":0},"end":{"line":155,"column":54}},"155":{"start":{"line":156,"column":0},"end":{"line":156,"column":32}},"156":{"start":{"line":157,"column":0},"end":{"line":157,"column":27}},"157":{"start":{"line":158,"column":0},"end":{"line":158,"column":80}},"158":{"start":{"line":159,"column":0},"end":{"line":159,"column":8}},"159":{"start":{"line":160,"column":0},"end":{"line":160,"column":53}},"160":{"start":{"line":161,"column":0},"end":{"line":161,"column":32}},"161":{"start":{"line":162,"column":0},"end":{"line":162,"column":35}},"162":{"start":{"line":163,"column":0},"end":{"line":163,"column":9}},"163":{"start":{"line":164,"column":0},"end":{"line":164,"column":3}},"164":{"start":{"line":165,"column":0},"end":{"line":165,"column":3}},"165":{"start":{"line":166,"column":0},"end":{"line":166,"column":0}},"166":{"start":{"line":167,"column":0},"end":{"line":167,"column":49}},"167":{"start":{"line":168,"column":0},"end":{"line":168,"column":34}}},"s":{"0":1,"1":0,"2":1,"3":1,"4":1,"5":1,"6":1,"7":1,"8":1,"9":1,"10":1,"11":1,"12":1,"13":1,"14":1,"15":1,"16":1,"17":2,"18":1,"19":1,"20":1,"21":1,"22":2,"23":1,"24":1,"25":1,"26":1,"27":1,"28":1,"29":1,"30":2,"31":2,"32":2,"33":2,"34":2,"35":2,"36":2,"37":1,"38":1,"39":1,"40":1,"41":1,"42":1,"43":1,"44":2,"45":0,"46":0,"47":0,"48":0,"49":1,"50":1,"51":1,"52":1,"53":1,"54":1,"55":1,"56":2,"57":0,"58":0,"59":0,"60":0,"61":0,"62":0,"63":1,"64":1,"65":1,"66":1,"67":1,"68":1,"69":1,"70":1,"71":1,"72":1,"73":1,"74":1,"75":1,"76":1,"77":1,"78":1,"79":1,"80":1,"81":1,"82":1,"83":1,"84":1,"85":1,"86":1,"87":1,"88":1,"89":2,"90":1,"91":1,"92":1,"93":1,"94":1,"95":1,"96":1,"97":1,"98":1,"99":1,"100":1,"101":1,"102":1,"103":1,"104":2,"105":2,"106":2,"107":2,"108":2,"109":2,"110":2,"111":2,"112":2,"113":2,"114":2,"115":1,"116":1,"117":2,"118":2,"119":2,"120":2,"121":2,"122":2,"123":2,"124":2,"125":2,"126":2,"127":2,"128":1,"129":1,"130":2,"131":2,"132":0,"133":0,"134":2,"135":2,"136":0,"137":0,"138":0,"139":0,"140":0,"141":0,"142":0,"143":0,"144":0,"145":2,"146":2,"147":0,"148":0,"149":2,"150":2,"151":2,"152":2,"153":2,"154":2,"155":2,"156":2,"157":2,"158":2,"159":2,"160":1,"161":1,"162":2,"163":2,"164":1,"165":1,"166":1,"167":1},"branchMap":{"0":{"type":"branch","line":2,"loc":{"start":{"line":2,"column":0},"end":{"line":2,"column":13}},"locations":[{"start":{"line":2,"column":0},"end":{"line":2,"column":13}}]},"1":{"type":"branch","line":2,"loc":{"start":{"line":2,"column":0},"end":{"line":2,"column":13}},"locations":[{"start":{"line":2,"column":0},"end":{"line":2,"column":13}}]},"2":{"type":"branch","line":2,"loc":{"start":{"line":2,"column":0},"end":{"line":2,"column":13}},"locations":[{"start":{"line":2,"column":0},"end":{"line":2,"column":13}}]},"3":{"type":"branch","line":2,"loc":{"start":{"line":2,"column":0},"end":{"line":2,"column":13}},"locations":[{"start":{"line":2,"column":0},"end":{"line":2,"column":13}}]},"4":{"type":"branch","line":2,"loc":{"start":{"line":2,"column":0},"end":{"line":2,"column":13}},"locations":[{"start":{"line":2,"column":0},"end":{"line":2,"column":13}}]},"5":{"type":"branch","line":2,"loc":{"start":{"line":2,"column":0},"end":{"line":2,"column":13}},"locations":[{"start":{"line":2,"column":0},"end":{"line":2,"column":13}}]},"6":{"type":"branch","line":2,"loc":{"start":{"line":2,"column":0},"end":{"line":2,"column":13}},"locations":[{"start":{"line":2,"column":0},"end":{"line":2,"column":13}}]},"7":{"type":"branch","line":2,"loc":{"start":{"line":2,"column":0},"end":{"line":2,"column":13}},"locations":[{"start":{"line":2,"column":0},"end":{"line":2,"column":13}}]},"8":{"type":"branch","line":17,"loc":{"start":{"line":17,"column":18},"end":{"line":18,"column":79}},"locations":[{"start":{"line":17,"column":18},"end":{"line":18,"column":79}}]},"9":{"type":"branch","line":18,"loc":{"start":{"line":18,"column":2},"end":{"line":18,"column":79}},"locations":[{"start":{"line":18,"column":2},"end":{"line":18,"column":79}}]},"10":{"type":"branch","line":18,"loc":{"start":{"line":18,"column":27},"end":{"line":18,"column":79}},"locations":[{"start":{"line":18,"column":27},"end":{"line":18,"column":79}}]},"11":{"type":"branch","line":18,"loc":{"start":{"line":18,"column":27},"end":{"line":18,"column":79}},"locations":[{"start":{"line":18,"column":27},"end":{"line":18,"column":79}}]},"12":{"type":"branch","line":22,"loc":{"start":{"line":22,"column":17},"end":{"line":23,"column":69}},"locations":[{"start":{"line":22,"column":17},"end":{"line":23,"column":69}}]},"13":{"type":"branch","line":23,"loc":{"start":{"line":23,"column":2},"end":{"line":23,"column":69}},"locations":[{"start":{"line":23,"column":2},"end":{"line":23,"column":69}}]},"14":{"type":"branch","line":23,"loc":{"start":{"line":23,"column":23},"end":{"line":23,"column":69}},"locations":[{"start":{"line":23,"column":23},"end":{"line":23,"column":69}}]},"15":{"type":"branch","line":23,"loc":{"start":{"line":23,"column":23},"end":{"line":23,"column":69}},"locations":[{"start":{"line":23,"column":23},"end":{"line":23,"column":69}}]},"16":{"type":"branch","line":30,"loc":{"start":{"line":30,"column":17},"end":{"line":37,"column":56}},"locations":[{"start":{"line":30,"column":17},"end":{"line":37,"column":56}}]},"17":{"type":"branch","line":31,"loc":{"start":{"line":31,"column":2},"end":{"line":37,"column":56}},"locations":[{"start":{"line":31,"column":2},"end":{"line":37,"column":56}}]},"18":{"type":"branch","line":31,"loc":{"start":{"line":31,"column":2},"end":{"line":37,"column":56}},"locations":[{"start":{"line":31,"column":2},"end":{"line":37,"column":56}}]},"19":{"type":"branch","line":31,"loc":{"start":{"line":31,"column":2},"end":{"line":37,"column":56}},"locations":[{"start":{"line":31,"column":2},"end":{"line":37,"column":56}}]},"20":{"type":"branch","line":44,"loc":{"start":{"line":44,"column":20},"end":{"line":49,"column":53}},"locations":[{"start":{"line":44,"column":20},"end":{"line":49,"column":53}}]},"21":{"type":"branch","line":56,"loc":{"start":{"line":56,"column":25},"end":{"line":63,"column":72}},"locations":[{"start":{"line":56,"column":25},"end":{"line":63,"column":72}}]},"22":{"type":"branch","line":82,"loc":{"start":{"line":82,"column":16},"end":{"line":87,"column":5}},"locations":[{"start":{"line":82,"column":16},"end":{"line":87,"column":5}}]},"23":{"type":"branch","line":86,"loc":{"start":{"line":86,"column":37},"end":{"line":86,"column":77}},"locations":[{"start":{"line":86,"column":37},"end":{"line":86,"column":77}}]},"24":{"type":"branch","line":89,"loc":{"start":{"line":89,"column":13},"end":{"line":91,"column":5}},"locations":[{"start":{"line":89,"column":13},"end":{"line":91,"column":5}}]},"25":{"type":"branch","line":93,"loc":{"start":{"line":93,"column":16},"end":{"line":102,"column":5}},"locations":[{"start":{"line":93,"column":16},"end":{"line":102,"column":5}}]},"26":{"type":"branch","line":95,"loc":{"start":{"line":95,"column":41},"end":{"line":95,"column":78}},"locations":[{"start":{"line":95,"column":41},"end":{"line":95,"column":78}}]},"27":{"type":"branch","line":104,"loc":{"start":{"line":104,"column":17},"end":{"line":164,"column":3}},"locations":[{"start":{"line":104,"column":17},"end":{"line":164,"column":3}}]},"28":{"type":"branch","line":106,"loc":{"start":{"line":106,"column":33},"end":{"line":109,"column":7}},"locations":[{"start":{"line":106,"column":33},"end":{"line":109,"column":7}}]},"29":{"type":"branch","line":110,"loc":{"start":{"line":110,"column":35},"end":{"line":114,"column":7}},"locations":[{"start":{"line":110,"column":35},"end":{"line":114,"column":7}}]},"30":{"type":"branch","line":115,"loc":{"start":{"line":115,"column":34},"end":{"line":118,"column":7}},"locations":[{"start":{"line":115,"column":34},"end":{"line":118,"column":7}}]},"31":{"type":"branch","line":119,"loc":{"start":{"line":119,"column":32},"end":{"line":122,"column":7}},"locations":[{"start":{"line":119,"column":32},"end":{"line":122,"column":7}}]},"32":{"type":"branch","line":123,"loc":{"start":{"line":123,"column":34},"end":{"line":127,"column":7}},"locations":[{"start":{"line":123,"column":34},"end":{"line":127,"column":7}}]},"33":{"type":"branch","line":128,"loc":{"start":{"line":128,"column":33},"end":{"line":131,"column":7}},"locations":[{"start":{"line":128,"column":33},"end":{"line":131,"column":7}}]},"34":{"type":"branch","line":151,"loc":{"start":{"line":151,"column":32},"end":{"line":154,"column":7}},"locations":[{"start":{"line":151,"column":32},"end":{"line":154,"column":7}}]},"35":{"type":"branch","line":155,"loc":{"start":{"line":155,"column":34},"end":{"line":159,"column":7}},"locations":[{"start":{"line":155,"column":34},"end":{"line":159,"column":7}}]},"36":{"type":"branch","line":158,"loc":{"start":{"line":158,"column":39},"end":{"line":158,"column":79}},"locations":[{"start":{"line":158,"column":39},"end":{"line":158,"column":79}}]},"37":{"type":"branch","line":160,"loc":{"start":{"line":160,"column":33},"end":{"line":163,"column":7}},"locations":[{"start":{"line":160,"column":33},"end":{"line":163,"column":7}}]}},"b":{"0":[12],"1":[0],"2":[6],"3":[6],"4":[10],"5":[6],"6":[6],"7":[12],"8":[2],"9":[2],"10":[6],"11":[2],"12":[2],"13":[2],"14":[6],"15":[2],"16":[2],"17":[2],"18":[6],"19":[2],"20":[2],"21":[2],"22":[1],"23":[1],"24":[2],"25":[1],"26":[1],"27":[2],"28":[2],"29":[2],"30":[1],"31":[2],"32":[2],"33":[1],"34":[2],"35":[2],"36":[10],"37":[1]},"fnMap":{"0":{"name":"asyncGeneratorStep","decl":{"start":{"line":2,"column":0},"end":{"line":2,"column":13}},"loc":{"start":{"line":2,"column":0},"end":{"line":2,"column":13}},"line":2},"1":{"name":"_asyncToGenerator","decl":{"start":{"line":2,"column":0},"end":{"line":2,"column":13}},"loc":{"start":{"line":2,"column":0},"end":{"line":2,"column":13}},"line":2},"2":{"name":"_next","decl":{"start":{"line":2,"column":0},"end":{"line":2,"column":13}},"loc":{"start":{"line":2,"column":0},"end":{"line":2,"column":13}},"line":2},"3":{"name":"_throw","decl":{"start":{"line":2,"column":0},"end":{"line":2,"column":13}},"loc":{"start":{"line":2,"column":0},"end":{"line":2,"column":13}},"line":2},"4":{"name":"_callee","decl":{"start":{"line":18,"column":2},"end":{"line":18,"column":79}},"loc":{"start":{"line":18,"column":2},"end":{"line":18,"column":79}},"line":18},"5":{"name":"_callee$","decl":{"start":{"line":18,"column":27},"end":{"line":18,"column":79}},"loc":{"start":{"line":18,"column":27},"end":{"line":18,"column":79}},"line":18},"6":{"name":"_callee2","decl":{"start":{"line":23,"column":2},"end":{"line":23,"column":69}},"loc":{"start":{"line":23,"column":2},"end":{"line":23,"column":69}},"line":23},"7":{"name":"_callee2$","decl":{"start":{"line":23,"column":23},"end":{"line":23,"column":69}},"loc":{"start":{"line":23,"column":23},"end":{"line":23,"column":69}},"line":23},"8":{"name":"_callee3","decl":{"start":{"line":31,"column":2},"end":{"line":37,"column":56}},"loc":{"start":{"line":31,"column":2},"end":{"line":37,"column":56}},"line":31},"9":{"name":"_callee3$","decl":{"start":{"line":31,"column":2},"end":{"line":37,"column":56}},"loc":{"start":{"line":31,"column":2},"end":{"line":37,"column":56}},"line":31},"10":{"name":"_callee4","decl":{"start":{"line":45,"column":2},"end":{"line":49,"column":53}},"loc":{"start":{"line":45,"column":2},"end":{"line":49,"column":53}},"line":45},"11":{"name":"_callee5","decl":{"start":{"line":57,"column":2},"end":{"line":63,"column":72}},"loc":{"start":{"line":57,"column":2},"end":{"line":63,"column":72}},"line":57},"12":{"name":"removeCard","decl":{"start":{"line":82,"column":16},"end":{"line":87,"column":5}},"loc":{"start":{"line":82,"column":16},"end":{"line":87,"column":5}},"line":82},"13":{"name":"addCard","decl":{"start":{"line":89,"column":13},"end":{"line":91,"column":5}},"loc":{"start":{"line":89,"column":13},"end":{"line":91,"column":5}},"line":89},"14":{"name":"changeCard","decl":{"start":{"line":93,"column":16},"end":{"line":102,"column":5}},"loc":{"start":{"line":93,"column":16},"end":{"line":102,"column":5}},"line":93},"15":{"name":"extraReducers","decl":{"start":{"line":104,"column":17},"end":{"line":164,"column":3}},"loc":{"start":{"line":104,"column":17},"end":{"line":164,"column":3}},"line":104}},"f":{"0":12,"1":10,"2":12,"3":0,"4":2,"5":6,"6":2,"7":6,"8":2,"9":6,"10":0,"11":0,"12":1,"13":2,"14":1,"15":2}}
,"C:\\НАШЕ ВСЕ\\Обучение\\Фронтенд-разработчик\\_ПРОЕКТНЫЙ месяц\\SP\\develop\\UI_fix_all\\handbook\\src\\services\\slices\\faqSlice.ts": {"path":"C:\\НАШЕ ВСЕ\\Обучение\\Фронтенд-разработчик\\_ПРОЕКТНЫЙ месяц\\SP\\develop\\UI_fix_all\\handbook\\src\\services\\slices\\faqSlice.ts","all":false,"statementMap":{"0":{"start":{"line":1,"column":0},"end":{"line":1,"column":8}},"1":{"start":{"line":2,"column":0},"end":{"line":2,"column":16}},"2":{"start":{"line":3,"column":0},"end":{"line":3,"column":19}},"3":{"start":{"line":4,"column":0},"end":{"line":4,"column":16}},"4":{"start":{"line":5,"column":0},"end":{"line":5,"column":17}},"5":{"start":{"line":6,"column":0},"end":{"line":6,"column":18}},"6":{"start":{"line":7,"column":0},"end":{"line":7,"column":34}},"7":{"start":{"line":8,"column":0},"end":{"line":8,"column":8}},"8":{"start":{"line":9,"column":0},"end":{"line":9,"column":19}},"9":{"start":{"line":10,"column":0},"end":{"line":10,"column":14}},"10":{"start":{"line":11,"column":0},"end":{"line":11,"column":17}},"11":{"start":{"line":12,"column":0},"end":{"line":12,"column":26}},"12":{"start":{"line":13,"column":0},"end":{"line":13,"column":41}},"13":{"start":{"line":14,"column":0},"end":{"line":14,"column":0}},"14":{"start":{"line":15,"column":0},"end":{"line":15,"column":63}},"15":{"start":{"line":16,"column":0},"end":{"line":16,"column":25}},"16":{"start":{"line":17,"column":0},"end":{"line":17,"column":58}},"17":{"start":{"line":18,"column":0},"end":{"line":18,"column":2}},"18":{"start":{"line":19,"column":0},"end":{"line":19,"column":0}},"19":{"start":{"line":20,"column":0},"end":{"line":20,"column":65}},"20":{"start":{"line":21,"column":0},"end":{"line":21,"column":24}},"21":{"start":{"line":22,"column":0},"end":{"line":22,"column":74}},"22":{"start":{"line":23,"column":0},"end":{"line":23,"column":2}},"23":{"start":{"line":24,"column":0},"end":{"line":24,"column":0}},"24":{"start":{"line":25,"column":0},"end":{"line":25,"column":62}},"25":{"start":{"line":26,"column":0},"end":{"line":26,"column":24}},"26":{"start":{"line":27,"column":0},"end":{"line":27,"column":67}},"27":{"start":{"line":28,"column":0},"end":{"line":28,"column":2}},"28":{"start":{"line":29,"column":0},"end":{"line":29,"column":0}},"29":{"start":{"line":30,"column":0},"end":{"line":30,"column":46}},"30":{"start":{"line":31,"column":0},"end":{"line":31,"column":12}},"31":{"start":{"line":32,"column":0},"end":{"line":32,"column":45}},"32":{"start":{"line":33,"column":0},"end":{"line":33,"column":2}},"33":{"start":{"line":34,"column":0},"end":{"line":34,"column":27}},"34":{"start":{"line":35,"column":0},"end":{"line":35,"column":16}},"35":{"start":{"line":36,"column":0},"end":{"line":36,"column":15}},"36":{"start":{"line":37,"column":0},"end":{"line":37,"column":18}},"37":{"start":{"line":38,"column":0},"end":{"line":38,"column":17}},"38":{"start":{"line":39,"column":0},"end":{"line":39,"column":56}},"39":{"start":{"line":40,"column":0},"end":{"line":40,"column":2}},"40":{"start":{"line":41,"column":0},"end":{"line":41,"column":0}},"41":{"start":{"line":42,"column":0},"end":{"line":42,"column":67}},"42":{"start":{"line":43,"column":0},"end":{"line":43,"column":27}},"43":{"start":{"line":44,"column":0},"end":{"line":44,"column":74}},"44":{"start":{"line":45,"column":0},"end":{"line":45,"column":2}},"45":{"start":{"line":46,"column":0},"end":{"line":46,"column":0}},"46":{"start":{"line":47,"column":0},"end":{"line":47,"column":30}},"47":{"start":{"line":48,"column":0},"end":{"line":48,"column":21}},"48":{"start":{"line":49,"column":0},"end":{"line":49,"column":32}},"49":{"start":{"line":50,"column":0},"end":{"line":50,"column":20}},"50":{"start":{"line":51,"column":0},"end":{"line":51,"column":20}},"51":{"start":{"line":52,"column":0},"end":{"line":52,"column":2}},"52":{"start":{"line":53,"column":0},"end":{"line":53,"column":45}},"53":{"start":{"line":54,"column":0},"end":{"line":54,"column":18}},"54":{"start":{"line":55,"column":0},"end":{"line":55,"column":14}},"55":{"start":{"line":56,"column":0},"end":{"line":56,"column":16}},"56":{"start":{"line":57,"column":0},"end":{"line":57,"column":10}},"57":{"start":{"line":58,"column":0},"end":{"line":58,"column":2}},"58":{"start":{"line":59,"column":0},"end":{"line":59,"column":0}},"59":{"start":{"line":60,"column":0},"end":{"line":60,"column":42}},"60":{"start":{"line":61,"column":0},"end":{"line":61,"column":19}},"61":{"start":{"line":62,"column":0},"end":{"line":62,"column":15}},"62":{"start":{"line":63,"column":0},"end":{"line":63,"column":13}},"63":{"start":{"line":64,"column":0},"end":{"line":64,"column":33}},"64":{"start":{"line":65,"column":0},"end":{"line":65,"column":31}},"65":{"start":{"line":66,"column":0},"end":{"line":66,"column":38}},"66":{"start":{"line":67,"column":0},"end":{"line":67,"column":6}},"67":{"start":{"line":68,"column":0},"end":{"line":68,"column":0}},"68":{"start":{"line":69,"column":0},"end":{"line":69,"column":30}},"69":{"start":{"line":70,"column":0},"end":{"line":70,"column":34}},"70":{"start":{"line":71,"column":0},"end":{"line":71,"column":78}},"71":{"start":{"line":72,"column":0},"end":{"line":72,"column":6}},"72":{"start":{"line":73,"column":0},"end":{"line":73,"column":0}},"73":{"start":{"line":74,"column":0},"end":{"line":74,"column":45}},"74":{"start":{"line":75,"column":0},"end":{"line":75,"column":34}},"75":{"start":{"line":76,"column":0},"end":{"line":76,"column":49}},"76":{"start":{"line":77,"column":0},"end":{"line":77,"column":67}},"77":{"start":{"line":78,"column":0},"end":{"line":78,"column":25}},"78":{"start":{"line":79,"column":0},"end":{"line":79,"column":67}},"79":{"start":{"line":80,"column":0},"end":{"line":80,"column":64}},"80":{"start":{"line":81,"column":0},"end":{"line":81,"column":7}},"81":{"start":{"line":82,"column":0},"end":{"line":82,"column":5}},"82":{"start":{"line":83,"column":0},"end":{"line":83,"column":4}},"83":{"start":{"line":84,"column":0},"end":{"line":84,"column":31}},"84":{"start":{"line":85,"column":0},"end":{"line":85,"column":11}},"85":{"start":{"line":86,"column":0},"end":{"line":86,"column":56}},"86":{"start":{"line":87,"column":0},"end":{"line":87,"column":31}},"87":{"start":{"line":88,"column":0},"end":{"line":88,"column":27}},"88":{"start":{"line":89,"column":0},"end":{"line":89,"column":8}},"89":{"start":{"line":90,"column":0},"end":{"line":90,"column":58}},"90":{"start":{"line":91,"column":0},"end":{"line":91,"column":32}},"91":{"start":{"line":92,"column":0},"end":{"line":92,"column":27}},"92":{"start":{"line":93,"column":0},"end":{"line":93,"column":36}},"93":{"start":{"line":94,"column":0},"end":{"line":94,"column":8}},"94":{"start":{"line":95,"column":0},"end":{"line":95,"column":57}},"95":{"start":{"line":96,"column":0},"end":{"line":96,"column":32}},"96":{"start":{"line":97,"column":0},"end":{"line":97,"column":35}},"97":{"start":{"line":98,"column":0},"end":{"line":98,"column":8}},"98":{"start":{"line":99,"column":0},"end":{"line":99,"column":58}},"99":{"start":{"line":100,"column":0},"end":{"line":100,"column":31}},"100":{"start":{"line":101,"column":0},"end":{"line":101,"column":27}},"101":{"start":{"line":102,"column":0},"end":{"line":102,"column":8}},"102":{"start":{"line":103,"column":0},"end":{"line":103,"column":60}},"103":{"start":{"line":104,"column":0},"end":{"line":104,"column":32}},"104":{"start":{"line":105,"column":0},"end":{"line":105,"column":27}},"105":{"start":{"line":106,"column":0},"end":{"line":106,"column":36}},"106":{"start":{"line":107,"column":0},"end":{"line":107,"column":8}},"107":{"start":{"line":108,"column":0},"end":{"line":108,"column":59}},"108":{"start":{"line":109,"column":0},"end":{"line":109,"column":32}},"109":{"start":{"line":110,"column":0},"end":{"line":110,"column":35}},"110":{"start":{"line":111,"column":0},"end":{"line":111,"column":8}},"111":{"start":{"line":112,"column":0},"end":{"line":112,"column":55}},"112":{"start":{"line":113,"column":0},"end":{"line":113,"column":31}},"113":{"start":{"line":114,"column":0},"end":{"line":114,"column":27}},"114":{"start":{"line":115,"column":0},"end":{"line":115,"column":8}},"115":{"start":{"line":116,"column":0},"end":{"line":116,"column":57}},"116":{"start":{"line":117,"column":0},"end":{"line":117,"column":32}},"117":{"start":{"line":118,"column":0},"end":{"line":118,"column":27}},"118":{"start":{"line":119,"column":0},"end":{"line":119,"column":40}},"119":{"start":{"line":120,"column":0},"end":{"line":120,"column":8}},"120":{"start":{"line":121,"column":0},"end":{"line":121,"column":56}},"121":{"start":{"line":122,"column":0},"end":{"line":122,"column":32}},"122":{"start":{"line":123,"column":0},"end":{"line":123,"column":35}},"123":{"start":{"line":124,"column":0},"end":{"line":124,"column":8}},"124":{"start":{"line":125,"column":0},"end":{"line":125,"column":55}},"125":{"start":{"line":126,"column":0},"end":{"line":126,"column":31}},"126":{"start":{"line":127,"column":0},"end":{"line":127,"column":27}},"127":{"start":{"line":128,"column":0},"end":{"line":128,"column":8}},"128":{"start":{"line":129,"column":0},"end":{"line":129,"column":57}},"129":{"start":{"line":130,"column":0},"end":{"line":130,"column":32}},"130":{"start":{"line":131,"column":0},"end":{"line":131,"column":27}},"131":{"start":{"line":132,"column":0},"end":{"line":132,"column":39}},"132":{"start":{"line":133,"column":0},"end":{"line":133,"column":60}},"133":{"start":{"line":134,"column":0},"end":{"line":134,"column":10}},"134":{"start":{"line":135,"column":0},"end":{"line":135,"column":8}},"135":{"start":{"line":136,"column":0},"end":{"line":136,"column":56}},"136":{"start":{"line":137,"column":0},"end":{"line":137,"column":32}},"137":{"start":{"line":138,"column":0},"end":{"line":138,"column":35}},"138":{"start":{"line":139,"column":0},"end":{"line":139,"column":8}},"139":{"start":{"line":140,"column":0},"end":{"line":140,"column":58}},"140":{"start":{"line":141,"column":0},"end":{"line":141,"column":31}},"141":{"start":{"line":142,"column":0},"end":{"line":142,"column":27}},"142":{"start":{"line":143,"column":0},"end":{"line":143,"column":8}},"143":{"start":{"line":144,"column":0},"end":{"line":144,"column":60}},"144":{"start":{"line":145,"column":0},"end":{"line":145,"column":32}},"145":{"start":{"line":146,"column":0},"end":{"line":146,"column":27}},"146":{"start":{"line":147,"column":0},"end":{"line":147,"column":52}},"147":{"start":{"line":148,"column":0},"end":{"line":148,"column":41}},"148":{"start":{"line":149,"column":0},"end":{"line":149,"column":60}},"149":{"start":{"line":150,"column":0},"end":{"line":150,"column":10}},"150":{"start":{"line":151,"column":0},"end":{"line":151,"column":23}},"151":{"start":{"line":152,"column":0},"end":{"line":152,"column":48}},"152":{"start":{"line":153,"column":0},"end":{"line":153,"column":46}},"153":{"start":{"line":154,"column":0},"end":{"line":154,"column":9}},"154":{"start":{"line":155,"column":0},"end":{"line":155,"column":8}},"155":{"start":{"line":156,"column":0},"end":{"line":156,"column":59}},"156":{"start":{"line":157,"column":0},"end":{"line":157,"column":32}},"157":{"start":{"line":158,"column":0},"end":{"line":158,"column":35}},"158":{"start":{"line":159,"column":0},"end":{"line":159,"column":36}},"159":{"start":{"line":160,"column":0},"end":{"line":160,"column":9}},"160":{"start":{"line":161,"column":0},"end":{"line":161,"column":3}},"161":{"start":{"line":162,"column":0},"end":{"line":162,"column":3}},"162":{"start":{"line":163,"column":0},"end":{"line":163,"column":0}},"163":{"start":{"line":164,"column":0},"end":{"line":164,"column":40}},"164":{"start":{"line":165,"column":0},"end":{"line":165,"column":37}}},"s":{"0":1,"1":0,"2":1,"3":1,"4":1,"5":1,"6":1,"7":1,"8":1,"9":1,"10":1,"11":1,"12":1,"13":1,"14":1,"15":1,"16":1,"17":1,"18":1,"19":1,"20":1,"21":3,"22":1,"23":1,"24":1,"25":1,"26":3,"27":1,"28":1,"29":1,"30":1,"31":1,"32":1,"33":1,"34":3,"35":0,"36":0,"37":0,"38":0,"39":1,"40":1,"41":1,"42":1,"43":3,"44":1,"45":1,"46":1,"47":1,"48":1,"49":1,"50":1,"51":1,"52":1,"53":1,"54":1,"55":1,"56":1,"57":1,"58":1,"59":1,"60":1,"61":1,"62":1,"63":1,"64":1,"65":2,"66":1,"67":1,"68":1,"69":1,"70":1,"71":1,"72":1,"73":1,"74":1,"75":1,"76":1,"77":1,"78":1,"79":1,"80":1,"81":1,"82":1,"83":1,"84":3,"85":3,"86":0,"87":0,"88":3,"89":3,"90":0,"91":0,"92":0,"93":3,"94":3,"95":0,"96":0,"97":3,"98":3,"99":0,"100":0,"101":3,"102":3,"103":0,"104":0,"105":0,"106":3,"107":3,"108":0,"109":0,"110":3,"111":3,"112":0,"113":0,"114":3,"115":3,"116":0,"117":0,"118":0,"119":3,"120":3,"121":0,"122":0,"123":3,"124":3,"125":0,"126":0,"127":3,"128":3,"129":0,"130":0,"131":0,"132":0,"133":0,"134":3,"135":3,"136":0,"137":0,"138":3,"139":3,"140":0,"141":0,"142":3,"143":3,"144":0,"145":0,"146":0,"147":0,"148":0,"149":0,"150":0,"151":0,"152":0,"153":0,"154":3,"155":3,"156":0,"157":0,"158":0,"159":3,"160":3,"161":1,"162":1,"163":1,"164":1},"branchMap":{"0":{"type":"branch","line":2,"loc":{"start":{"line":2,"column":0},"end":{"line":2,"column":16}},"locations":[{"start":{"line":2,"column":0},"end":{"line":2,"column":16}}]},"1":{"type":"branch","line":21,"loc":{"start":{"line":21,"column":23},"end":{"line":22,"column":74}},"locations":[{"start":{"line":21,"column":23},"end":{"line":22,"column":74}}]},"2":{"type":"branch","line":26,"loc":{"start":{"line":26,"column":23},"end":{"line":27,"column":67}},"locations":[{"start":{"line":26,"column":23},"end":{"line":27,"column":67}}]},"3":{"type":"branch","line":34,"loc":{"start":{"line":34,"column":26},"end":{"line":39,"column":56}},"locations":[{"start":{"line":34,"column":26},"end":{"line":39,"column":56}}]},"4":{"type":"branch","line":43,"loc":{"start":{"line":43,"column":26},"end":{"line":44,"column":74}},"locations":[{"start":{"line":43,"column":26},"end":{"line":44,"column":74}}]},"5":{"type":"branch","line":65,"loc":{"start":{"line":65,"column":14},"end":{"line":67,"column":5}},"locations":[{"start":{"line":65,"column":14},"end":{"line":67,"column":5}}]},"6":{"type":"branch","line":70,"loc":{"start":{"line":70,"column":17},"end":{"line":72,"column":5}},"locations":[{"start":{"line":70,"column":17},"end":{"line":72,"column":5}}]},"7":{"type":"branch","line":71,"loc":{"start":{"line":71,"column":37},"end":{"line":71,"column":77}},"locations":[{"start":{"line":71,"column":37},"end":{"line":71,"column":77}}]},"8":{"type":"branch","line":75,"loc":{"start":{"line":75,"column":17},"end":{"line":82,"column":5}},"locations":[{"start":{"line":75,"column":17},"end":{"line":82,"column":5}}]},"9":{"type":"branch","line":79,"loc":{"start":{"line":79,"column":39},"end":{"line":79,"column":66}},"locations":[{"start":{"line":79,"column":39},"end":{"line":79,"column":66}}]},"10":{"type":"branch","line":80,"loc":{"start":{"line":80,"column":37},"end":{"line":80,"column":63}},"locations":[{"start":{"line":80,"column":37},"end":{"line":80,"column":63}}]},"11":{"type":"branch","line":77,"loc":{"start":{"line":77,"column":41},"end":{"line":77,"column":66}},"locations":[{"start":{"line":77,"column":41},"end":{"line":77,"column":66}}]},"12":{"type":"branch","line":84,"loc":{"start":{"line":84,"column":17},"end":{"line":161,"column":3}},"locations":[{"start":{"line":84,"column":17},"end":{"line":161,"column":3}}]}},"b":{"0":[15],"1":[3],"2":[3],"3":[3],"4":[3],"5":[2],"6":[1],"7":[1],"8":[1],"9":[0],"10":[0],"11":[1],"12":[3]},"fnMap":{"0":{"name":"asyncGeneratorStep","decl":{"start":{"line":2,"column":0},"end":{"line":2,"column":16}},"loc":{"start":{"line":2,"column":0},"end":{"line":2,"column":16}},"line":2},"1":{"name":"_asyncToGenerator","decl":{"start":{"line":2,"column":0},"end":{"line":2,"column":16}},"loc":{"start":{"line":2,"column":0},"end":{"line":2,"column":16}},"line":2},"2":{"name":"_callee","decl":{"start":{"line":17,"column":2},"end":{"line":17,"column":58}},"loc":{"start":{"line":17,"column":2},"end":{"line":17,"column":58}},"line":17},"3":{"name":"_callee2","decl":{"start":{"line":22,"column":2},"end":{"line":22,"column":74}},"loc":{"start":{"line":22,"column":2},"end":{"line":22,"column":74}},"line":22},"4":{"name":"_callee3","decl":{"start":{"line":27,"column":2},"end":{"line":27,"column":67}},"loc":{"start":{"line":27,"column":2},"end":{"line":27,"column":67}},"line":27},"5":{"name":"_callee4","decl":{"start":{"line":35,"column":2},"end":{"line":39,"column":56}},"loc":{"start":{"line":35,"column":2},"end":{"line":39,"column":56}},"line":35},"6":{"name":"_callee5","decl":{"start":{"line":44,"column":2},"end":{"line":44,"column":74}},"loc":{"start":{"line":44,"column":2},"end":{"line":44,"column":74}},"line":44},"7":{"name":"addFaqItem","decl":{"start":{"line":65,"column":14},"end":{"line":67,"column":5}},"loc":{"start":{"line":65,"column":14},"end":{"line":67,"column":5}},"line":65},"8":{"name":"deleteFaqItem","decl":{"start":{"line":70,"column":17},"end":{"line":72,"column":5}},"loc":{"start":{"line":70,"column":17},"end":{"line":72,"column":5}},"line":70},"9":{"name":"updateFaqItem","decl":{"start":{"line":75,"column":17},"end":{"line":82,"column":5}},"loc":{"start":{"line":75,"column":17},"end":{"line":82,"column":5}},"line":75},"10":{"name":"extraReducers","decl":{"start":{"line":84,"column":17},"end":{"line":161,"column":3}},"loc":{"start":{"line":84,"column":17},"end":{"line":161,"column":3}},"line":84}},"f":{"0":0,"1":15,"2":0,"3":0,"4":0,"5":0,"6":0,"7":2,"8":1,"9":1,"10":3}}
,"C:\\НАШЕ ВСЕ\\Обучение\\Фронтенд-разработчик\\_ПРОЕКТНЫЙ месяц\\SP\\develop\\UI_fix_all\\handbook\\src\\services\\slices\\menuItemSlice.ts": {"path":"C:\\НАШЕ ВСЕ\\Обучение\\Фронтенд-разработчик\\_ПРОЕКТНЫЙ месяц\\SP\\develop\\UI_fix_all\\handbook\\src\\services\\slices\\menuItemSlice.ts","all":false,"statementMap":{"0":{"start":{"line":1,"column":0},"end":{"line":1,"column":8}},"1":{"start":{"line":2,"column":0},"end":{"line":2,"column":17}},"2":{"start":{"line":3,"column":0},"end":{"line":3,"column":20}},"3":{"start":{"line":4,"column":0},"end":{"line":4,"column":17}},"4":{"start":{"line":5,"column":0},"end":{"line":5,"column":17}},"5":{"start":{"line":6,"column":0},"end":{"line":6,"column":34}},"6":{"start":{"line":7,"column":0},"end":{"line":7,"column":8}},"7":{"start":{"line":8,"column":0},"end":{"line":8,"column":19}},"8":{"start":{"line":9,"column":0},"end":{"line":9,"column":14}},"9":{"start":{"line":10,"column":0},"end":{"line":10,"column":16}},"10":{"start":{"line":11,"column":0},"end":{"line":11,"column":17}},"11":{"start":{"line":12,"column":0},"end":{"line":12,"column":26}},"12":{"start":{"line":13,"column":0},"end":{"line":13,"column":49}},"13":{"start":{"line":14,"column":0},"end":{"line":14,"column":33}},"14":{"start":{"line":15,"column":0},"end":{"line":15,"column":0}},"15":{"start":{"line":16,"column":0},"end":{"line":16,"column":65}},"16":{"start":{"line":17,"column":0},"end":{"line":17,"column":27}},"17":{"start":{"line":18,"column":0},"end":{"line":18,"column":60}},"18":{"start":{"line":19,"column":0},"end":{"line":19,"column":2}},"19":{"start":{"line":20,"column":0},"end":{"line":20,"column":0}},"20":{"start":{"line":21,"column":0},"end":{"line":21,"column":69}},"21":{"start":{"line":22,"column":0},"end":{"line":22,"column":27}},"22":{"start":{"line":23,"column":0},"end":{"line":23,"column":77}},"23":{"start":{"line":24,"column":0},"end":{"line":24,"column":2}},"24":{"start":{"line":25,"column":0},"end":{"line":25,"column":0}},"25":{"start":{"line":26,"column":0},"end":{"line":26,"column":60}},"26":{"start":{"line":27,"column":0},"end":{"line":27,"column":26}},"27":{"start":{"line":28,"column":0},"end":{"line":28,"column":42}},"28":{"start":{"line":29,"column":0},"end":{"line":29,"column":29}},"29":{"start":{"line":30,"column":0},"end":{"line":30,"column":14}},"30":{"start":{"line":31,"column":0},"end":{"line":31,"column":3}},"31":{"start":{"line":32,"column":0},"end":{"line":32,"column":2}},"32":{"start":{"line":33,"column":0},"end":{"line":33,"column":0}},"33":{"start":{"line":34,"column":0},"end":{"line":34,"column":47}},"34":{"start":{"line":35,"column":0},"end":{"line":35,"column":13}},"35":{"start":{"line":36,"column":0},"end":{"line":36,"column":30}},"36":{"start":{"line":37,"column":0},"end":{"line":37,"column":2}},"37":{"start":{"line":38,"column":0},"end":{"line":38,"column":29}},"38":{"start":{"line":39,"column":0},"end":{"line":39,"column":68}},"39":{"start":{"line":40,"column":0},"end":{"line":40,"column":33}},"40":{"start":{"line":41,"column":0},"end":{"line":41,"column":2}},"41":{"start":{"line":42,"column":0},"end":{"line":42,"column":0}},"42":{"start":{"line":43,"column":0},"end":{"line":43,"column":31}},"43":{"start":{"line":44,"column":0},"end":{"line":44,"column":21}},"44":{"start":{"line":45,"column":0},"end":{"line":45,"column":32}},"45":{"start":{"line":46,"column":0},"end":{"line":46,"column":21}},"46":{"start":{"line":47,"column":0},"end":{"line":47,"column":32}},"47":{"start":{"line":48,"column":0},"end":{"line":48,"column":2}},"48":{"start":{"line":49,"column":0},"end":{"line":49,"column":46}},"49":{"start":{"line":50,"column":0},"end":{"line":50,"column":18}},"50":{"start":{"line":51,"column":0},"end":{"line":51,"column":14}},"51":{"start":{"line":52,"column":0},"end":{"line":52,"column":11}},"52":{"start":{"line":53,"column":0},"end":{"line":53,"column":18}},"53":{"start":{"line":54,"column":0},"end":{"line":54,"column":2}},"54":{"start":{"line":55,"column":0},"end":{"line":55,"column":0}},"55":{"start":{"line":56,"column":0},"end":{"line":56,"column":43}},"56":{"start":{"line":57,"column":0},"end":{"line":57,"column":20}},"57":{"start":{"line":58,"column":0},"end":{"line":58,"column":15}},"58":{"start":{"line":59,"column":0},"end":{"line":59,"column":13}},"59":{"start":{"line":60,"column":0},"end":{"line":60,"column":79}},"60":{"start":{"line":61,"column":0},"end":{"line":61,"column":72}},"61":{"start":{"line":62,"column":0},"end":{"line":62,"column":40}},"62":{"start":{"line":63,"column":0},"end":{"line":63,"column":5}},"63":{"start":{"line":64,"column":0},"end":{"line":64,"column":4}},"64":{"start":{"line":65,"column":0},"end":{"line":65,"column":31}},"65":{"start":{"line":66,"column":0},"end":{"line":66,"column":11}},"66":{"start":{"line":67,"column":0},"end":{"line":67,"column":57}},"67":{"start":{"line":68,"column":0},"end":{"line":68,"column":31}},"68":{"start":{"line":69,"column":0},"end":{"line":69,"column":27}},"69":{"start":{"line":70,"column":0},"end":{"line":70,"column":8}},"70":{"start":{"line":71,"column":0},"end":{"line":71,"column":59}},"71":{"start":{"line":72,"column":0},"end":{"line":72,"column":32}},"72":{"start":{"line":73,"column":0},"end":{"line":73,"column":27}},"73":{"start":{"line":74,"column":0},"end":{"line":74,"column":36}},"74":{"start":{"line":75,"column":0},"end":{"line":75,"column":8}},"75":{"start":{"line":76,"column":0},"end":{"line":76,"column":58}},"76":{"start":{"line":77,"column":0},"end":{"line":77,"column":32}},"77":{"start":{"line":78,"column":0},"end":{"line":78,"column":35}},"78":{"start":{"line":79,"column":0},"end":{"line":79,"column":8}},"79":{"start":{"line":80,"column":0},"end":{"line":80,"column":28}},"80":{"start":{"line":81,"column":0},"end":{"line":81,"column":59}},"81":{"start":{"line":82,"column":0},"end":{"line":82,"column":51}},"82":{"start":{"line":83,"column":0},"end":{"line":83,"column":50}},"83":{"start":{"line":84,"column":0},"end":{"line":84,"column":20}},"84":{"start":{"line":85,"column":0},"end":{"line":85,"column":26}},"85":{"start":{"line":86,"column":0},"end":{"line":86,"column":65}},"86":{"start":{"line":87,"column":0},"end":{"line":87,"column":14}},"87":{"start":{"line":88,"column":0},"end":{"line":88,"column":11}},"88":{"start":{"line":89,"column":0},"end":{"line":89,"column":26}},"89":{"start":{"line":90,"column":0},"end":{"line":90,"column":11}},"90":{"start":{"line":91,"column":0},"end":{"line":91,"column":40}},"91":{"start":{"line":92,"column":0},"end":{"line":92,"column":8}},"92":{"start":{"line":93,"column":0},"end":{"line":93,"column":58}},"93":{"start":{"line":94,"column":0},"end":{"line":94,"column":39}},"94":{"start":{"line":95,"column":0},"end":{"line":95,"column":62}},"95":{"start":{"line":96,"column":0},"end":{"line":96,"column":10}},"96":{"start":{"line":97,"column":0},"end":{"line":97,"column":8}},"97":{"start":{"line":98,"column":0},"end":{"line":98,"column":59}},"98":{"start":{"line":99,"column":0},"end":{"line":99,"column":31}},"99":{"start":{"line":100,"column":0},"end":{"line":100,"column":27}},"100":{"start":{"line":101,"column":0},"end":{"line":101,"column":8}},"101":{"start":{"line":102,"column":0},"end":{"line":102,"column":61}},"102":{"start":{"line":103,"column":0},"end":{"line":103,"column":32}},"103":{"start":{"line":104,"column":0},"end":{"line":104,"column":27}},"104":{"start":{"line":105,"column":0},"end":{"line":105,"column":46}},"105":{"start":{"line":106,"column":0},"end":{"line":106,"column":49}},"106":{"start":{"line":107,"column":0},"end":{"line":107,"column":10}},"107":{"start":{"line":108,"column":0},"end":{"line":108,"column":68}},"108":{"start":{"line":109,"column":0},"end":{"line":109,"column":8}},"109":{"start":{"line":110,"column":0},"end":{"line":110,"column":60}},"110":{"start":{"line":111,"column":0},"end":{"line":111,"column":32}},"111":{"start":{"line":112,"column":0},"end":{"line":112,"column":35}},"112":{"start":{"line":113,"column":0},"end":{"line":113,"column":9}},"113":{"start":{"line":114,"column":0},"end":{"line":114,"column":3}},"114":{"start":{"line":115,"column":0},"end":{"line":115,"column":3}},"115":{"start":{"line":116,"column":0},"end":{"line":116,"column":0}},"116":{"start":{"line":117,"column":0},"end":{"line":117,"column":62}},"117":{"start":{"line":118,"column":0},"end":{"line":118,"column":38}}},"s":{"0":1,"1":0,"2":1,"3":1,"4":1,"5":1,"6":1,"7":1,"8":1,"9":1,"10":1,"11":1,"12":1,"13":1,"14":1,"15":1,"16":1,"17":1,"18":1,"19":1,"20":1,"21":1,"22":3,"23":1,"24":1,"25":1,"26":1,"27":3,"28":0,"29":0,"30":3,"31":1,"32":1,"33":1,"34":1,"35":1,"36":1,"37":1,"38":3,"39":0,"40":1,"41":1,"42":1,"43":1,"44":1,"45":1,"46":1,"47":1,"48":1,"49":1,"50":1,"51":1,"52":1,"53":1,"54":1,"55":1,"56":1,"57":1,"58":1,"59":1,"60":2,"61":2,"62":2,"63":1,"64":1,"65":3,"66":3,"67":0,"68":0,"69":3,"70":3,"71":0,"72":0,"73":0,"74":3,"75":3,"76":0,"77":0,"78":3,"79":3,"80":3,"81":0,"82":0,"83":0,"84":0,"85":0,"86":0,"87":0,"88":0,"89":0,"90":0,"91":3,"92":3,"93":0,"94":0,"95":0,"96":3,"97":3,"98":0,"99":0,"100":3,"101":3,"102":0,"103":0,"104":0,"105":0,"106":0,"107":0,"108":3,"109":3,"110":0,"111":0,"112":3,"113":3,"114":1,"115":1,"116":1,"117":1},"branchMap":{"0":{"type":"branch","line":2,"loc":{"start":{"line":2,"column":0},"end":{"line":2,"column":17}},"locations":[{"start":{"line":2,"column":0},"end":{"line":2,"column":17}}]},"1":{"type":"branch","line":22,"loc":{"start":{"line":22,"column":26},"end":{"line":23,"column":77}},"locations":[{"start":{"line":22,"column":26},"end":{"line":23,"column":77}}]},"2":{"type":"branch","line":27,"loc":{"start":{"line":27,"column":25},"end":{"line":31,"column":3}},"locations":[{"start":{"line":27,"column":25},"end":{"line":31,"column":3}}]},"3":{"type":"branch","line":38,"loc":{"start":{"line":38,"column":28},"end":{"line":40,"column":33}},"locations":[{"start":{"line":38,"column":28},"end":{"line":40,"column":33}}]},"4":{"type":"branch","line":60,"loc":{"start":{"line":60,"column":25},"end":{"line":63,"column":5}},"locations":[{"start":{"line":60,"column":25},"end":{"line":63,"column":5}}]},"5":{"type":"branch","line":65,"loc":{"start":{"line":65,"column":17},"end":{"line":114,"column":3}},"locations":[{"start":{"line":65,"column":17},"end":{"line":114,"column":3}}]}},"b":{"0":[12],"1":[3],"2":[3],"3":[3],"4":[2],"5":[3]},"fnMap":{"0":{"name":"asyncGeneratorStep","decl":{"start":{"line":2,"column":0},"end":{"line":2,"column":17}},"loc":{"start":{"line":2,"column":0},"end":{"line":2,"column":17}},"line":2},"1":{"name":"_asyncToGenerator","decl":{"start":{"line":2,"column":0},"end":{"line":2,"column":17}},"loc":{"start":{"line":2,"column":0},"end":{"line":2,"column":17}},"line":2},"2":{"name":"_callee","decl":{"start":{"line":18,"column":2},"end":{"line":18,"column":60}},"loc":{"start":{"line":18,"column":2},"end":{"line":18,"column":60}},"line":18},"3":{"name":"_callee2","decl":{"start":{"line":23,"column":2},"end":{"line":23,"column":77}},"loc":{"start":{"line":23,"column":2},"end":{"line":23,"column":77}},"line":23},"4":{"name":"_callee3","decl":{"start":{"line":28,"column":2},"end":{"line":30,"column":14}},"loc":{"start":{"line":28,"column":2},"end":{"line":30,"column":14}},"line":28},"5":{"name":"_callee4","decl":{"start":{"line":39,"column":2},"end":{"line":40,"column":33}},"loc":{"start":{"line":39,"column":2},"end":{"line":40,"column":33}},"line":39},"6":{"name":"setSelectedMenuItem","decl":{"start":{"line":60,"column":25},"end":{"line":63,"column":5}},"loc":{"start":{"line":60,"column":25},"end":{"line":63,"column":5}},"line":60},"7":{"name":"extraReducers","decl":{"start":{"line":65,"column":17},"end":{"line":114,"column":3}},"loc":{"start":{"line":65,"column":17},"end":{"line":114,"column":3}},"line":65}},"f":{"0":0,"1":12,"2":0,"3":0,"4":0,"5":0,"6":2,"7":3}}
,"C:\\НАШЕ ВСЕ\\Обучение\\Фронтенд-разработчик\\_ПРОЕКТНЫЙ месяц\\SP\\develop\\UI_fix_all\\handbook\\src\\services\\slices\\userSlice.ts": {"path":"C:\\НАШЕ ВСЕ\\Обучение\\Фронтенд-разработчик\\_ПРОЕКТНЫЙ месяц\\SP\\develop\\UI_fix_all\\handbook\\src\\services\\slices\\userSlice.ts","all":false,"statementMap":{"0":{"start":{"line":1,"column":0},"end":{"line":1,"column":8}},"1":{"start":{"line":2,"column":0},"end":{"line":2,"column":18}},"2":{"start":{"line":3,"column":0},"end":{"line":3,"column":19}},"3":{"start":{"line":4,"column":0},"end":{"line":4,"column":13}},"4":{"start":{"line":5,"column":0},"end":{"line":5,"column":26}},"5":{"start":{"line":6,"column":0},"end":{"line":6,"column":0}},"6":{"start":{"line":7,"column":0},"end":{"line":7,"column":8}},"7":{"start":{"line":8,"column":0},"end":{"line":8,"column":13}},"8":{"start":{"line":9,"column":0},"end":{"line":9,"column":16}},"9":{"start":{"line":10,"column":0},"end":{"line":10,"column":13}},"10":{"start":{"line":11,"column":0},"end":{"line":11,"column":15}},"11":{"start":{"line":12,"column":0},"end":{"line":12,"column":12}},"12":{"start":{"line":13,"column":0},"end":{"line":13,"column":17}},"13":{"start":{"line":14,"column":0},"end":{"line":14,"column":34}},"14":{"start":{"line":15,"column":0},"end":{"line":15,"column":0}},"15":{"start":{"line":16,"column":0},"end":{"line":16,"column":37}},"16":{"start":{"line":17,"column":0},"end":{"line":17,"column":60}},"17":{"start":{"line":18,"column":0},"end":{"line":18,"column":0}},"18":{"start":{"line":19,"column":0},"end":{"line":19,"column":26}},"19":{"start":{"line":20,"column":0},"end":{"line":20,"column":25}},"20":{"start":{"line":21,"column":0},"end":{"line":21,"column":27}},"21":{"start":{"line":22,"column":0},"end":{"line":22,"column":31}},"22":{"start":{"line":23,"column":0},"end":{"line":23,"column":34}},"23":{"start":{"line":24,"column":0},"end":{"line":24,"column":14}},"24":{"start":{"line":25,"column":0},"end":{"line":25,"column":2}},"25":{"start":{"line":26,"column":0},"end":{"line":26,"column":0}},"26":{"start":{"line":27,"column":0},"end":{"line":27,"column":41}},"27":{"start":{"line":28,"column":0},"end":{"line":28,"column":23}},"28":{"start":{"line":29,"column":0},"end":{"line":29,"column":25}},"29":{"start":{"line":30,"column":0},"end":{"line":30,"column":9}},"30":{"start":{"line":31,"column":0},"end":{"line":31,"column":13}},"31":{"start":{"line":32,"column":0},"end":{"line":32,"column":13}},"32":{"start":{"line":33,"column":0},"end":{"line":33,"column":3}},"33":{"start":{"line":34,"column":0},"end":{"line":34,"column":2}},"34":{"start":{"line":35,"column":0},"end":{"line":35,"column":0}},"35":{"start":{"line":36,"column":0},"end":{"line":36,"column":40}},"36":{"start":{"line":37,"column":0},"end":{"line":37,"column":17}},"37":{"start":{"line":38,"column":0},"end":{"line":38,"column":37}},"38":{"start":{"line":39,"column":0},"end":{"line":39,"column":35}},"39":{"start":{"line":40,"column":0},"end":{"line":40,"column":24}},"40":{"start":{"line":41,"column":0},"end":{"line":41,"column":34}},"41":{"start":{"line":42,"column":0},"end":{"line":42,"column":5}},"42":{"start":{"line":43,"column":0},"end":{"line":43,"column":20}},"43":{"start":{"line":44,"column":0},"end":{"line":44,"column":3}},"44":{"start":{"line":45,"column":0},"end":{"line":45,"column":2}},"45":{"start":{"line":46,"column":0},"end":{"line":46,"column":0}},"46":{"start":{"line":47,"column":0},"end":{"line":47,"column":63}},"47":{"start":{"line":48,"column":0},"end":{"line":48,"column":18}},"48":{"start":{"line":49,"column":0},"end":{"line":49,"column":40}},"49":{"start":{"line":50,"column":0},"end":{"line":50,"column":44}},"50":{"start":{"line":51,"column":0},"end":{"line":51,"column":24}},"51":{"start":{"line":52,"column":0},"end":{"line":52,"column":34}},"52":{"start":{"line":53,"column":0},"end":{"line":53,"column":5}},"53":{"start":{"line":54,"column":0},"end":{"line":54,"column":52}},"54":{"start":{"line":55,"column":0},"end":{"line":55,"column":43}},"55":{"start":{"line":56,"column":0},"end":{"line":56,"column":22}},"56":{"start":{"line":57,"column":0},"end":{"line":57,"column":16}},"57":{"start":{"line":58,"column":0},"end":{"line":58,"column":3}},"58":{"start":{"line":59,"column":0},"end":{"line":59,"column":2}},"59":{"start":{"line":60,"column":0},"end":{"line":60,"column":0}},"60":{"start":{"line":61,"column":0},"end":{"line":61,"column":57}},"61":{"start":{"line":62,"column":0},"end":{"line":62,"column":15}},"62":{"start":{"line":63,"column":0},"end":{"line":63,"column":40}},"63":{"start":{"line":64,"column":0},"end":{"line":64,"column":41}},"64":{"start":{"line":65,"column":0},"end":{"line":65,"column":24}},"65":{"start":{"line":66,"column":0},"end":{"line":66,"column":34}},"66":{"start":{"line":67,"column":0},"end":{"line":67,"column":5}},"67":{"start":{"line":68,"column":0},"end":{"line":68,"column":52}},"68":{"start":{"line":69,"column":0},"end":{"line":69,"column":43}},"69":{"start":{"line":70,"column":0},"end":{"line":70,"column":16}},"70":{"start":{"line":71,"column":0},"end":{"line":71,"column":3}},"71":{"start":{"line":72,"column":0},"end":{"line":72,"column":2}},"72":{"start":{"line":73,"column":0},"end":{"line":73,"column":0}},"73":{"start":{"line":74,"column":0},"end":{"line":74,"column":43}},"74":{"start":{"line":75,"column":0},"end":{"line":75,"column":20}},"75":{"start":{"line":76,"column":0},"end":{"line":76,"column":37}},"76":{"start":{"line":77,"column":0},"end":{"line":77,"column":34}},"77":{"start":{"line":78,"column":0},"end":{"line":78,"column":24}},"78":{"start":{"line":79,"column":0},"end":{"line":79,"column":34}},"79":{"start":{"line":80,"column":0},"end":{"line":80,"column":5}},"80":{"start":{"line":81,"column":0},"end":{"line":81,"column":18}},"81":{"start":{"line":82,"column":0},"end":{"line":82,"column":3}},"82":{"start":{"line":83,"column":0},"end":{"line":83,"column":2}},"83":{"start":{"line":84,"column":0},"end":{"line":84,"column":0}},"84":{"start":{"line":85,"column":0},"end":{"line":85,"column":34}},"85":{"start":{"line":86,"column":0},"end":{"line":86,"column":15}},"86":{"start":{"line":87,"column":0},"end":{"line":87,"column":15}},"87":{"start":{"line":88,"column":0},"end":{"line":88,"column":15}},"88":{"start":{"line":89,"column":0},"end":{"line":89,"column":31}},"89":{"start":{"line":90,"column":0},"end":{"line":90,"column":11}},"90":{"start":{"line":91,"column":0},"end":{"line":91,"column":45}},"91":{"start":{"line":92,"column":0},"end":{"line":92,"column":40}},"92":{"start":{"line":93,"column":0},"end":{"line":93,"column":8}},"93":{"start":{"line":94,"column":0},"end":{"line":94,"column":55}},"94":{"start":{"line":95,"column":0},"end":{"line":95,"column":40}},"95":{"start":{"line":96,"column":0},"end":{"line":96,"column":37}},"96":{"start":{"line":97,"column":0},"end":{"line":97,"column":36}},"97":{"start":{"line":98,"column":0},"end":{"line":98,"column":32}},"98":{"start":{"line":99,"column":0},"end":{"line":99,"column":8}},"99":{"start":{"line":100,"column":0},"end":{"line":100,"column":54}},"100":{"start":{"line":101,"column":0},"end":{"line":101,"column":59}},"101":{"start":{"line":102,"column":0},"end":{"line":102,"column":47}},"102":{"start":{"line":103,"column":0},"end":{"line":103,"column":25}},"103":{"start":{"line":104,"column":0},"end":{"line":104,"column":8}},"104":{"start":{"line":105,"column":0},"end":{"line":105,"column":50}},"105":{"start":{"line":106,"column":0},"end":{"line":106,"column":37}},"106":{"start":{"line":107,"column":0},"end":{"line":107,"column":8}},"107":{"start":{"line":108,"column":0},"end":{"line":108,"column":52}},"108":{"start":{"line":109,"column":0},"end":{"line":109,"column":37}},"109":{"start":{"line":110,"column":0},"end":{"line":110,"column":37}},"110":{"start":{"line":111,"column":0},"end":{"line":111,"column":36}},"111":{"start":{"line":112,"column":0},"end":{"line":112,"column":32}},"112":{"start":{"line":113,"column":0},"end":{"line":113,"column":41}},"113":{"start":{"line":114,"column":0},"end":{"line":114,"column":43}},"114":{"start":{"line":115,"column":0},"end":{"line":115,"column":8}},"115":{"start":{"line":116,"column":0},"end":{"line":116,"column":51}},"116":{"start":{"line":117,"column":0},"end":{"line":117,"column":56}},"117":{"start":{"line":118,"column":0},"end":{"line":118,"column":47}},"118":{"start":{"line":119,"column":0},"end":{"line":119,"column":25}},"119":{"start":{"line":120,"column":0},"end":{"line":120,"column":8}},"120":{"start":{"line":121,"column":0},"end":{"line":121,"column":49}},"121":{"start":{"line":122,"column":0},"end":{"line":122,"column":30}},"122":{"start":{"line":123,"column":0},"end":{"line":123,"column":38}},"123":{"start":{"line":124,"column":0},"end":{"line":124,"column":22}},"124":{"start":{"line":125,"column":0},"end":{"line":125,"column":20}},"125":{"start":{"line":126,"column":0},"end":{"line":126,"column":18}},"126":{"start":{"line":127,"column":0},"end":{"line":127,"column":10}},"127":{"start":{"line":128,"column":0},"end":{"line":128,"column":8}},"128":{"start":{"line":129,"column":0},"end":{"line":129,"column":48}},"129":{"start":{"line":130,"column":0},"end":{"line":130,"column":36}},"130":{"start":{"line":131,"column":0},"end":{"line":131,"column":8}},"131":{"start":{"line":132,"column":0},"end":{"line":132,"column":54}},"132":{"start":{"line":133,"column":0},"end":{"line":133,"column":37}},"133":{"start":{"line":134,"column":0},"end":{"line":134,"column":35}},"134":{"start":{"line":135,"column":0},"end":{"line":135,"column":36}},"135":{"start":{"line":136,"column":0},"end":{"line":136,"column":8}},"136":{"start":{"line":137,"column":0},"end":{"line":137,"column":45}},"137":{"start":{"line":138,"column":0},"end":{"line":138,"column":35}},"138":{"start":{"line":139,"column":0},"end":{"line":139,"column":9}},"139":{"start":{"line":140,"column":0},"end":{"line":140,"column":3}},"140":{"start":{"line":141,"column":0},"end":{"line":141,"column":3}},"141":{"start":{"line":142,"column":0},"end":{"line":142,"column":0}},"142":{"start":{"line":143,"column":0},"end":{"line":143,"column":29}}},"s":{"0":1,"1":0,"2":1,"3":1,"4":1,"5":1,"6":1,"7":1,"8":1,"9":1,"10":1,"11":1,"12":1,"13":1,"14":1,"15":1,"16":1,"17":1,"18":1,"19":1,"20":1,"21":1,"22":1,"23":1,"24":1,"25":1,"26":1,"27":1,"28":1,"29":1,"30":1,"31":1,"32":1,"33":1,"34":1,"35":1,"36":1,"37":2,"38":0,"39":0,"40":0,"41":0,"42":0,"43":2,"44":1,"45":1,"46":1,"47":1,"48":2,"49":0,"50":0,"51":0,"52":0,"53":0,"54":0,"55":0,"56":0,"57":2,"58":1,"59":1,"60":1,"61":1,"62":2,"63":0,"64":0,"65":0,"66":0,"67":0,"68":0,"69":0,"70":2,"71":1,"72":1,"73":1,"74":1,"75":2,"76":0,"77":0,"78":0,"79":0,"80":0,"81":2,"82":1,"83":1,"84":1,"85":1,"86":1,"87":1,"88":1,"89":2,"90":2,"91":1,"92":2,"93":2,"94":1,"95":1,"96":1,"97":1,"98":2,"99":2,"100":0,"101":0,"102":0,"103":2,"104":2,"105":1,"106":2,"107":2,"108":1,"109":1,"110":1,"111":1,"112":1,"113":1,"114":2,"115":2,"116":1,"117":1,"118":1,"119":2,"120":2,"121":1,"122":1,"123":1,"124":1,"125":1,"126":1,"127":2,"128":2,"129":1,"130":2,"131":2,"132":1,"133":1,"134":1,"135":2,"136":2,"137":1,"138":2,"139":2,"140":1,"141":1,"142":1},"branchMap":{"0":{"type":"branch","line":2,"loc":{"start":{"line":2,"column":0},"end":{"line":2,"column":18}},"locations":[{"start":{"line":2,"column":0},"end":{"line":2,"column":18}}]},"1":{"type":"branch","line":37,"loc":{"start":{"line":37,"column":16},"end":{"line":44,"column":3}},"locations":[{"start":{"line":37,"column":16},"end":{"line":44,"column":3}}]},"2":{"type":"branch","line":48,"loc":{"start":{"line":48,"column":17},"end":{"line":58,"column":3}},"locations":[{"start":{"line":48,"column":17},"end":{"line":58,"column":3}}]},"3":{"type":"branch","line":62,"loc":{"start":{"line":62,"column":14},"end":{"line":71,"column":3}},"locations":[{"start":{"line":62,"column":14},"end":{"line":71,"column":3}}]},"4":{"type":"branch","line":75,"loc":{"start":{"line":75,"column":19},"end":{"line":82,"column":3}},"locations":[{"start":{"line":75,"column":19},"end":{"line":82,"column":3}}]},"5":{"type":"branch","line":89,"loc":{"start":{"line":89,"column":17},"end":{"line":140,"column":3}},"locations":[{"start":{"line":89,"column":17},"end":{"line":140,"column":3}}]},"6":{"type":"branch","line":91,"loc":{"start":{"line":91,"column":33},"end":{"line":93,"column":7}},"locations":[{"start":{"line":91,"column":33},"end":{"line":93,"column":7}}]},"7":{"type":"branch","line":94,"loc":{"start":{"line":94,"column":35},"end":{"line":99,"column":7}},"locations":[{"start":{"line":94,"column":35},"end":{"line":99,"column":7}}]},"8":{"type":"branch","line":105,"loc":{"start":{"line":105,"column":30},"end":{"line":107,"column":7}},"locations":[{"start":{"line":105,"column":30},"end":{"line":107,"column":7}}]},"9":{"type":"branch","line":108,"loc":{"start":{"line":108,"column":32},"end":{"line":115,"column":7}},"locations":[{"start":{"line":108,"column":32},"end":{"line":115,"column":7}}]},"10":{"type":"branch","line":116,"loc":{"start":{"line":116,"column":31},"end":{"line":120,"column":7}},"locations":[{"start":{"line":116,"column":31},"end":{"line":120,"column":7}}]},"11":{"type":"branch","line":118,"loc":{"start":{"line":118,"column":-1},"end":{"line":118,"column":27}},"locations":[{"start":{"line":118,"column":-1},"end":{"line":118,"column":27}}]},"12":{"type":"branch","line":121,"loc":{"start":{"line":121,"column":37},"end":{"line":128,"column":7}},"locations":[{"start":{"line":121,"column":37},"end":{"line":128,"column":7}}]},"13":{"type":"branch","line":129,"loc":{"start":{"line":129,"column":36},"end":{"line":131,"column":7}},"locations":[{"start":{"line":129,"column":36},"end":{"line":131,"column":7}}]},"14":{"type":"branch","line":132,"loc":{"start":{"line":132,"column":34},"end":{"line":136,"column":7}},"locations":[{"start":{"line":132,"column":34},"end":{"line":136,"column":7}}]},"15":{"type":"branch","line":137,"loc":{"start":{"line":137,"column":33},"end":{"line":139,"column":7}},"locations":[{"start":{"line":137,"column":33},"end":{"line":139,"column":7}}]}},"b":{"0":[8],"1":[2],"2":[2],"3":[2],"4":[2],"5":[2],"6":[1],"7":[1],"8":[1],"9":[1],"10":[1],"11":[0],"12":[1],"13":[1],"14":[1],"15":[1]},"fnMap":{"0":{"name":"asyncGeneratorStep","decl":{"start":{"line":2,"column":0},"end":{"line":2,"column":18}},"loc":{"start":{"line":2,"column":0},"end":{"line":2,"column":18}},"line":2},"1":{"name":"_asyncToGenerator","decl":{"start":{"line":2,"column":0},"end":{"line":2,"column":18}},"loc":{"start":{"line":2,"column":0},"end":{"line":2,"column":18}},"line":2},"2":{"name":"_callee","decl":{"start":{"line":38,"column":2},"end":{"line":43,"column":20}},"loc":{"start":{"line":38,"column":2},"end":{"line":43,"column":20}},"line":38},"3":{"name":"_callee2","decl":{"start":{"line":49,"column":2},"end":{"line":57,"column":16}},"loc":{"start":{"line":49,"column":2},"end":{"line":57,"column":16}},"line":49},"4":{"name":"_callee3","decl":{"start":{"line":63,"column":2},"end":{"line":70,"column":16}},"loc":{"start":{"line":63,"column":2},"end":{"line":70,"column":16}},"line":63},"5":{"name":"_callee4","decl":{"start":{"line":76,"column":2},"end":{"line":81,"column":18}},"loc":{"start":{"line":76,"column":2},"end":{"line":81,"column":18}},"line":76},"6":{"name":"extraReducers","decl":{"start":{"line":89,"column":17},"end":{"line":140,"column":3}},"loc":{"start":{"line":89,"column":17},"end":{"line":140,"column":3}},"line":89}},"f":{"0":0,"1":8,"2":0,"3":0,"4":0,"5":0,"6":2}}
,"C:\\НАШЕ ВСЕ\\Обучение\\Фронтенд-разработчик\\_ПРОЕКТНЫЙ месяц\\SP\\develop\\UI_fix_all\\handbook\\src\\utils\\auth.ts": {"path":"C:\\НАШЕ ВСЕ\\Обучение\\Фронтенд-разработчик\\_ПРОЕКТНЫЙ месяц\\SP\\develop\\UI_fix_all\\handbook\\src\\utils\\auth.ts","all":false,"statementMap":{"0":{"start":{"line":1,"column":0},"end":{"line":1,"column":51}},"1":{"start":{"line":2,"column":0},"end":{"line":2,"column":0}},"2":{"start":{"line":3,"column":0},"end":{"line":3,"column":75}},"3":{"start":{"line":4,"column":0},"end":{"line":4,"column":61}},"4":{"start":{"line":5,"column":0},"end":{"line":5,"column":0}},"5":{"start":{"line":6,"column":0},"end":{"line":6,"column":48}},"6":{"start":{"line":7,"column":0},"end":{"line":7,"column":2}},"7":{"start":{"line":8,"column":0},"end":{"line":8,"column":0}},"8":{"start":{"line":9,"column":0},"end":{"line":9,"column":34}},"9":{"start":{"line":10,"column":0},"end":{"line":10,"column":42}},"10":{"start":{"line":11,"column":0},"end":{"line":11,"column":0}},"11":{"start":{"line":12,"column":0},"end":{"line":12,"column":30}},"12":{"start":{"line":13,"column":0},"end":{"line":13,"column":2}}},"s":{"0":1,"1":1,"2":1,"3":0,"4":0,"5":0,"6":0,"7":1,"8":1,"9":0,"10":0,"11":0,"12":0},"branchMap":{},"b":{},"fnMap":{"0":{"name":"storeTokens","decl":{"start":{"line":3,"column":27},"end":{"line":7,"column":2}},"loc":{"start":{"line":3,"column":27},"end":{"line":7,"column":2}},"line":3},"1":{"name":"clearTokens","decl":{"start":{"line":9,"column":27},"end":{"line":13,"column":2}},"loc":{"start":{"line":9,"column":27},"end":{"line":13,"column":2}},"line":9}},"f":{"0":0,"1":0}}
,"C:\\НАШЕ ВСЕ\\Обучение\\Фронтенд-разработчик\\_ПРОЕКТНЫЙ месяц\\SP\\develop\\UI_fix_all\\handbook\\src\\utils\\cookie.ts": {"path":"C:\\НАШЕ ВСЕ\\Обучение\\Фронтенд-разработчик\\_ПРОЕКТНЫЙ месяц\\SP\\develop\\UI_fix_all\\handbook\\src\\utils\\cookie.ts","all":false,"statementMap":{"0":{"start":{"line":1,"column":0},"end":{"line":1,"column":61}},"1":{"start":{"line":2,"column":0},"end":{"line":2,"column":40}},"2":{"start":{"line":3,"column":0},"end":{"line":3,"column":15}},"3":{"start":{"line":4,"column":0},"end":{"line":4,"column":18}},"4":{"start":{"line":5,"column":0},"end":{"line":5,"column":53}},"5":{"start":{"line":6,"column":0},"end":{"line":6,"column":62}},"6":{"start":{"line":7,"column":0},"end":{"line":7,"column":18}},"7":{"start":{"line":8,"column":0},"end":{"line":8,"column":5}},"8":{"start":{"line":9,"column":0},"end":{"line":9,"column":4}},"9":{"start":{"line":10,"column":0},"end":{"line":10,"column":62}},"10":{"start":{"line":11,"column":0},"end":{"line":11,"column":1}},"11":{"start":{"line":12,"column":0},"end":{"line":12,"column":0}},"12":{"start":{"line":13,"column":0},"end":{"line":13,"column":26}},"13":{"start":{"line":14,"column":0},"end":{"line":14,"column":15}},"14":{"start":{"line":15,"column":0},"end":{"line":15,"column":16}},"15":{"start":{"line":16,"column":0},"end":{"line":16,"column":65}},"16":{"start":{"line":17,"column":0},"end":{"line":17,"column":3}},"17":{"start":{"line":18,"column":0},"end":{"line":18,"column":11}},"18":{"start":{"line":19,"column":0},"end":{"line":19,"column":14}},"19":{"start":{"line":20,"column":0},"end":{"line":20,"column":12}},"20":{"start":{"line":21,"column":0},"end":{"line":21,"column":4}},"21":{"start":{"line":22,"column":0},"end":{"line":22,"column":0}},"22":{"start":{"line":23,"column":0},"end":{"line":23,"column":26}},"23":{"start":{"line":24,"column":0},"end":{"line":24,"column":39}},"24":{"start":{"line":25,"column":0},"end":{"line":25,"column":25}},"25":{"start":{"line":26,"column":0},"end":{"line":26,"column":40}},"26":{"start":{"line":27,"column":0},"end":{"line":27,"column":28}},"27":{"start":{"line":28,"column":0},"end":{"line":28,"column":3}},"28":{"start":{"line":29,"column":0},"end":{"line":29,"column":0}},"29":{"start":{"line":30,"column":0},"end":{"line":30,"column":35}},"30":{"start":{"line":31,"column":0},"end":{"line":31,"column":38}},"31":{"start":{"line":32,"column":0},"end":{"line":32,"column":3}},"32":{"start":{"line":33,"column":0},"end":{"line":33,"column":36}},"33":{"start":{"line":34,"column":0},"end":{"line":34,"column":41}},"34":{"start":{"line":35,"column":0},"end":{"line":35,"column":33}},"35":{"start":{"line":36,"column":0},"end":{"line":36,"column":37}},"36":{"start":{"line":37,"column":0},"end":{"line":37,"column":38}},"37":{"start":{"line":38,"column":0},"end":{"line":38,"column":29}},"38":{"start":{"line":39,"column":0},"end":{"line":39,"column":39}},"39":{"start":{"line":40,"column":0},"end":{"line":40,"column":5}},"40":{"start":{"line":41,"column":0},"end":{"line":41,"column":3}},"41":{"start":{"line":42,"column":0},"end":{"line":42,"column":34}},"42":{"start":{"line":43,"column":0},"end":{"line":43,"column":1}},"43":{"start":{"line":44,"column":0},"end":{"line":44,"column":0}},"44":{"start":{"line":45,"column":0},"end":{"line":45,"column":44}},"45":{"start":{"line":46,"column":0},"end":{"line":46,"column":39}},"46":{"start":{"line":47,"column":0},"end":{"line":47,"column":1}}},"s":{"0":1,"1":0,"2":0,"3":0,"4":0,"5":0,"6":0,"7":0,"8":0,"9":0,"10":0,"11":1,"12":1,"13":0,"14":0,"15":0,"16":0,"17":0,"18":0,"19":0,"20":0,"21":0,"22":0,"23":0,"24":0,"25":0,"26":0,"27":0,"28":0,"29":0,"30":0,"31":0,"32":0,"33":0,"34":0,"35":0,"36":0,"37":0,"38":0,"39":0,"40":0,"41":0,"42":0,"43":1,"44":1,"45":0,"46":0},"branchMap":{},"b":{},"fnMap":{"0":{"name":"getCookie","decl":{"start":{"line":1,"column":7},"end":{"line":11,"column":1}},"loc":{"start":{"line":1,"column":7},"end":{"line":11,"column":1}},"line":1},"1":{"name":"setCookie","decl":{"start":{"line":13,"column":7},"end":{"line":43,"column":1}},"loc":{"start":{"line":13,"column":7},"end":{"line":43,"column":1}},"line":13},"2":{"name":"deleteCookie","decl":{"start":{"line":45,"column":7},"end":{"line":47,"column":1}},"loc":{"start":{"line":45,"column":7},"end":{"line":47,"column":1}},"line":45}},"f":{"0":0,"1":0,"2":0}}
,"C:\\НАШЕ ВСЕ\\Обучение\\Фронтенд-разработчик\\_ПРОЕКТНЫЙ месяц\\SP\\develop\\UI_fix_all\\handbook\\src\\utils\\handbook-api.ts": {"path":"C:\\НАШЕ ВСЕ\\Обучение\\Фронтенд-разработчик\\_ПРОЕКТНЫЙ месяц\\SP\\develop\\UI_fix_all\\handbook\\src\\utils\\handbook-api.ts","all":false,"statementMap":{"0":{"start":{"line":1,"column":0},"end":{"line":1,"column":48}},"1":{"start":{"line":2,"column":0},"end":{"line":2,"column":67}},"2":{"start":{"line":3,"column":0},"end":{"line":3,"column":0}},"3":{"start":{"line":4,"column":0},"end":{"line":4,"column":42}},"4":{"start":{"line":5,"column":0},"end":{"line":5,"column":45}},"5":{"start":{"line":6,"column":0},"end":{"line":6,"column":52}},"6":{"start":{"line":7,"column":0},"end":{"line":7,"column":0}},"7":{"start":{"line":8,"column":0},"end":{"line":8,"column":55}},"8":{"start":{"line":9,"column":0},"end":{"line":9,"column":70}},"9":{"start":{"line":10,"column":0},"end":{"line":10,"column":0}},"10":{"start":{"line":11,"column":0},"end":{"line":11,"column":57}},"11":{"start":{"line":12,"column":0},"end":{"line":12,"column":0}},"12":{"start":{"line":13,"column":0},"end":{"line":13,"column":59}},"13":{"start":{"line":14,"column":0},"end":{"line":14,"column":0}},"14":{"start":{"line":15,"column":0},"end":{"line":15,"column":41}},"15":{"start":{"line":16,"column":0},"end":{"line":16,"column":23}},"16":{"start":{"line":17,"column":0},"end":{"line":17,"column":22}},"17":{"start":{"line":18,"column":0},"end":{"line":18,"column":3}},"18":{"start":{"line":19,"column":0},"end":{"line":19,"column":0}},"19":{"start":{"line":20,"column":0},"end":{"line":20,"column":60}},"20":{"start":{"line":21,"column":0},"end":{"line":21,"column":30}},"21":{"start":{"line":22,"column":0},"end":{"line":22,"column":19}},"22":{"start":{"line":23,"column":0},"end":{"line":23,"column":14}},"23":{"start":{"line":24,"column":0},"end":{"line":24,"column":54}},"24":{"start":{"line":25,"column":0},"end":{"line":25,"column":6}},"25":{"start":{"line":26,"column":0},"end":{"line":26,"column":26}},"26":{"start":{"line":27,"column":0},"end":{"line":27,"column":49}},"27":{"start":{"line":28,"column":0},"end":{"line":28,"column":6}},"28":{"start":{"line":29,"column":0},"end":{"line":29,"column":4}},"29":{"start":{"line":30,"column":0},"end":{"line":30,"column":56}},"30":{"start":{"line":31,"column":0},"end":{"line":31,"column":28}},"31":{"start":{"line":32,"column":0},"end":{"line":32,"column":33}},"32":{"start":{"line":33,"column":0},"end":{"line":33,"column":43}},"33":{"start":{"line":34,"column":0},"end":{"line":34,"column":7}},"34":{"start":{"line":35,"column":0},"end":{"line":35,"column":69}},"35":{"start":{"line":36,"column":0},"end":{"line":36,"column":56}},"36":{"start":{"line":37,"column":0},"end":{"line":37,"column":25}},"37":{"start":{"line":38,"column":0},"end":{"line":38,"column":7}},"38":{"start":{"line":39,"column":0},"end":{"line":39,"column":0}},"39":{"start":{"line":40,"column":0},"end":{"line":40,"column":42}},"40":{"start":{"line":41,"column":0},"end":{"line":41,"column":19}},"41":{"start":{"line":42,"column":0},"end":{"line":42,"column":22}},"42":{"start":{"line":43,"column":0},"end":{"line":43,"column":6}},"43":{"start":{"line":44,"column":0},"end":{"line":44,"column":7}},"44":{"start":{"line":45,"column":0},"end":{"line":45,"column":42}},"45":{"start":{"line":46,"column":0},"end":{"line":46,"column":39}},"46":{"start":{"line":47,"column":0},"end":{"line":47,"column":17}},"47":{"start":{"line":48,"column":0},"end":{"line":48,"column":65}},"48":{"start":{"line":49,"column":0},"end":{"line":49,"column":4
[...]
:{"line":234,"column":16}},"234":{"start":{"line":235,"column":0},"end":{"line":235,"column":19}},"235":{"start":{"line":236,"column":0},"end":{"line":236,"column":2}},"236":{"start":{"line":237,"column":0},"end":{"line":237,"column":0}},"237":{"start":{"line":238,"column":0},"end":{"line":238,"column":29}},"238":{"start":{"line":239,"column":0},"end":{"line":239,"column":16}},"239":{"start":{"line":240,"column":0},"end":{"line":240,"column":15}},"240":{"start":{"line":241,"column":0},"end":{"line":241,"column":19}},"241":{"start":{"line":242,"column":0},"end":{"line":242,"column":2}},"242":{"start":{"line":243,"column":0},"end":{"line":243,"column":0}},"243":{"start":{"line":244,"column":0},"end":{"line":244,"column":38}},"244":{"start":{"line":245,"column":0},"end":{"line":245,"column":23}},"245":{"start":{"line":246,"column":0},"end":{"line":246,"column":22}},"246":{"start":{"line":247,"column":0},"end":{"line":247,"column":14}},"247":{"start":{"line":248,"column":0},"end":{"line":248,"column":3}},"248":{"start":{"line":249,"column":0},"end":{"line":249,"column":0}},"249":{"start":{"line":250,"column":0},"end":{"line":250,"column":55}},"250":{"start":{"line":251,"column":0},"end":{"line":251,"column":33}},"251":{"start":{"line":252,"column":0},"end":{"line":252,"column":19}},"252":{"start":{"line":253,"column":0},"end":{"line":253,"column":14}},"253":{"start":{"line":254,"column":0},"end":{"line":254,"column":54}},"254":{"start":{"line":255,"column":0},"end":{"line":255,"column":6}},"255":{"start":{"line":256,"column":0},"end":{"line":256,"column":30}},"256":{"start":{"line":257,"column":0},"end":{"line":257,"column":4}},"257":{"start":{"line":258,"column":0},"end":{"line":258,"column":53}},"258":{"start":{"line":259,"column":0},"end":{"line":259,"column":21}},"259":{"start":{"line":260,"column":0},"end":{"line":260,"column":37}},"260":{"start":{"line":261,"column":0},"end":{"line":261,"column":34}},"261":{"start":{"line":262,"column":0},"end":{"line":262,"column":7}},"262":{"start":{"line":263,"column":0},"end":{"line":263,"column":0}},"263":{"start":{"line":264,"column":0},"end":{"line":264,"column":11}},"264":{"start":{"line":265,"column":0},"end":{"line":265,"column":49}},"265":{"start":{"line":266,"column":0},"end":{"line":266,"column":30}},"266":{"start":{"line":267,"column":0},"end":{"line":267,"column":19}},"267":{"start":{"line":268,"column":0},"end":{"line":268,"column":14}},"268":{"start":{"line":269,"column":0},"end":{"line":269,"column":54}},"269":{"start":{"line":270,"column":0},"end":{"line":270,"column":6}},"270":{"start":{"line":271,"column":0},"end":{"line":271,"column":30}},"271":{"start":{"line":272,"column":0},"end":{"line":272,"column":4}},"272":{"start":{"line":273,"column":0},"end":{"line":273,"column":43}},"273":{"start":{"line":274,"column":0},"end":{"line":274,"column":21}},"274":{"start":{"line":275,"column":0},"end":{"line":275,"column":37}},"275":{"start":{"line":276,"column":0},"end":{"line":276,"column":34}},"276":{"start":{"line":277,"column":0},"end":{"line":277,"column":7}},"277":{"start":{"line":278,"column":0},"end":{"line":278,"column":0}},"278":{"start":{"line":279,"column":0},"end":{"line":279,"column":31}},"279":{"start":{"line":280,"column":0},"end":{"line":280,"column":45}},"280":{"start":{"line":281,"column":0},"end":{"line":281,"column":14}},"281":{"start":{"line":282,"column":0},"end":{"line":282,"column":45}},"282":{"start":{"line":283,"column":0},"end":{"line":283,"column":20}},"283":{"start":{"line":284,"column":0},"end":{"line":284,"column":5}},"284":{"start":{"line":285,"column":0},"end":{"line":285,"column":0}},"285":{"start":{"line":286,"column":0},"end":{"line":286,"column":30}},"286":{"start":{"line":287,"column":0},"end":{"line":287,"column":31}},"287":{"start":{"line":288,"column":0},"end":{"line":288,"column":19}},"288":{"start":{"line":289,"column":0},"end":{"line":289,"column":14}},"289":{"start":{"line":290,"column":0},"end":{"line":290,"column":54}},"290":{"start":{"line":291,"column":0},"end":{"line":291,"column":6}},"291":{"start":{"line":292,"column":0},"end":{"line":292,"column":26}},"292":{"start":{"line":293,"column":0},"end":{"line":293,"column":49}},"293":{"start":{"line":294,"column":0},"end":{"line":294,"column":6}},"294":{"start":{"line":295,"column":0},"end":{"line":295,"column":60}}},"s":{"0":1,"1":0,"2":1,"3":1,"4":1,"5":1,"6":1,"7":1,"8":0,"9":1,"10":1,"11":1,"12":1,"13":1,"14":1,"15":1,"16":1,"17":1,"18":1,"19":1,"20":0,"21":0,"22":0,"23":0,"24":0,"25":0,"26":0,"27":0,"28":0,"29":0,"30":0,"31":0,"32":0,"33":0,"34":0,"35":0,"36":0,"37":0,"38":1,"39":1,"40":0,"41":0,"42":0,"43":0,"44":0,"45":0,"46":0,"47":0,"48":0,"49":0,"50":0,"51":0,"52":0,"53":0,"54":0,"55":0,"56":0,"57":1,"58":1,"59":1,"60":1,"61":1,"62":0,"63":0,"64":0,"65":1,"66":1,"67":1,"68":0,"69":0,"70":0,"71":0,"72":0,"73":0,"74":0,"75":0,"76":0,"77":0,"78":0,"79":0,"80":0,"81":0,"82":0,"83":0,"84":0,"85":0,"86":0,"87":0,"88":1,"89":1,"90":1,"91":0,"92":0,"93":0,"94":0,"95":0,"96":0,"97":0,"98":0,"99":0,"100":1,"101":1,"102":1,"103":0,"104":0,"105":0,"106":0,"107":0,"108":0,"109":0,"110":0,"111":0,"112":1,"113":1,"114":1,"115":0,"116":0,"117":0,"118":1,"119":1,"120":1,"121":0,"122":0,"123":0,"124":1,"125":1,"126":1,"127":0,"128":0,"129":0,"130":0,"131":0,"132":0,"133":0,"134":0,"135":1,"136":1,"137":1,"138":0,"139":0,"140":0,"141":0,"142":0,"143":0,"144":0,"145":0,"146":0,"147":1,"148":1,"149":1,"150":0,"151":0,"152":0,"153":0,"154":0,"155":0,"156":0,"157":0,"158":0,"159":0,"160":0,"161":0,"162":0,"163":1,"164":1,"165":1,"166":0,"167":0,"168":0,"169":1,"170":1,"171":1,"172":0,"173":0,"174":0,"175":0,"176":0,"177":0,"178":0,"179":0,"180":0,"181":1,"182":1,"183":1,"184":0,"185":0,"186":0,"187":0,"188":0,"189":0,"190":0,"191":0,"192":0,"193":0,"194":0,"195":0,"196":0,"197":0,"198":1,"199":1,"200":1,"201":0,"202":0,"203":0,"204":0,"205":0,"206":0,"207":0,"208":0,"209":0,"210":0,"211":0,"212":0,"213":0,"214":1,"215":1,"216":1,"217":0,"218":0,"219":0,"220":0,"221":0,"222":0,"223":0,"224":0,"225":0,"226":0,"227":0,"228":0,"229":0,"230":0,"231":1,"232":1,"233":1,"234":1,"235":1,"236":1,"237":1,"238":1,"239":1,"240":1,"241":1,"242":1,"243":1,"244":1,"245":1,"246":1,"247":1,"248":1,"249":1,"250":0,"251":0,"252":0,"253":0,"254":0,"255":0,"256":0,"257":0,"258":0,"259":0,"260":0,"261":0,"262":1,"263":1,"264":1,"265":0,"266":0,"267":0,"268":0,"269":0,"270":0,"271":0,"272":0,"273":0,"274":0,"275":0,"276":0,"277":1,"278":1,"279":0,"280":0,"281":0,"282":0,"283":0,"284":1,"285":1,"286":0,"287":0,"288":0,"289":0,"290":0,"291":0,"292":0,"293":0,"294":0},"branchMap":{"0":{"type":"branch","line":2,"loc":{"start":{"line":2,"column":-2},"end":{"line":2,"column":67}},"locations":[{"start":{"line":2,"column":-2},"end":{"line":2,"column":67}}]},"1":{"type":"branch","line":2,"loc":{"start":{"line":2,"column":0},"end":{"line":2,"column":67}},"locations":[{"start":{"line":2,"column":0},"end":{"line":2,"column":67}}]},"2":{"type":"branch","line":2,"loc":{"start":{"line":2,"column":0},"end":{"line":2,"column":67}},"locations":[{"start":{"line":2,"column":0},"end":{"line":2,"column":67}}]},"3":{"type":"branch","line":2,"loc":{"start":{"line":2,"column":0},"end":{"line":2,"column":67}},"locations":[{"start":{"line":2,"column":0},"end":{"line":2,"column":67}}]},"4":{"type":"branch","line":2,"loc":{"start":{"line":2,"column":0},"end":{"line":2,"column":67}},"locations":[{"start":{"line":2,"column":0},"end":{"line":2,"column":67}}]},"5":{"type":"branch","line":2,"loc":{"start":{"line":2,"column":0},"end":{"line":2,"column":67}},"locations":[{"start":{"line":2,"column":0},"end":{"line":2,"column":67}}]},"6":{"type":"branch","line":2,"loc":{"start":{"line":2,"column":0},"end":{"line":2,"column":67}},"locations":[{"start":{"line":2,"column":0},"end":{"line":2,"column":67}}]},"7":{"type":"branch","line":2,"loc":{"start":{"line":2,"column":0},"end":{"line":2,"column":67}},"locations":[{"start":{"line":2,"column":0},"end":{"line":2,"column":67}}]},"8":{"type":"branch","line":2,"loc":{"start":{"line":2,"column":0},"end":{"line":2,"column":67}},"locations":[{"start":{"line":2,"column":0},"end":{"line":2,"column":67}}]},"9":{"type":"branch","line":2,"loc":{"start":{"line":2,"column":0},"end":{"line":2,"column":67}},"locations":[{"start":{"line":2,"column":0},"end":{"line":2,"column":67}}]},"10":{"type":"branch","line":2,"loc":{"start":{"line":2,"column":0},"end":{"line":2,"column":67}},"locations":[{"start":{"line":2,"column":0},"end":{"line":2,"column":67}}]},"11":{"type":"branch","line":2,"loc":{"start":{"line":2,"column":0},"end":{"line":2,"column":67}},"locations":[{"start":{"line":2,"column":0},"end":{"line":2,"column":67}}]},"12":{"type":"branch","line":2,"loc":{"start":{"line":2,"column":0},"end":{"line":2,"column":67}},"locations":[{"start":{"line":2,"column":0},"end":{"line":2,"column":67}}]},"13":{"type":"branch","line":2,"loc":{"start":{"line":2,"column":0},"end":{"line":2,"column":67}},"locations":[{"start":{"line":2,"column":0},"end":{"line":2,"column":67}}]},"14":{"type":"branch","line":2,"loc":{"start":{"line":2,"column":0},"end":{"line":2,"column":67}},"locations":[{"start":{"line":2,"column":0},"end":{"line":2,"column":67}}]},"15":{"type":"branch","line":2,"loc":{"start":{"line":2,"column":0},"end":{"line":2,"column":67}},"locations":[{"start":{"line":2,"column":0},"end":{"line":2,"column":67}}]},"16":{"type":"branch","line":2,"loc":{"start":{"line":2,"column":0},"end":{"line":2,"column":67}},"locations":[{"start":{"line":2,"column":0},"end":{"line":2,"column":67}}]},"17":{"type":"branch","line":40,"loc":{"start":{"line":40,"column":29},"end":{"line":40,"column":32}},"locations":[{"start":{"line":40,"column":29},"end":{"line":40,"column":32}}]}},"b":{"0":[2],"1":[0],"2":[0],"3":[0],"4":[0],"5":[0],"6":[0],"7":[26],"8":[4],"9":[12],"10":[2],"11":[0],"12":[0],"13":[0],"14":[2],"15":[0],"16":[2],"17":[2]},"fnMap":{"0":{"name":"_regeneratorRuntime","decl":{"start":{"line":2,"column":-2},"end":{"line":2,"column":67}},"loc":{"start":{"line":2,"column":-2},"end":{"line":2,"column":67}},"line":2},"1":{"name":"_regeneratorRuntime","decl":{"start":{"line":2,"column":0},"end":{"line":2,"column":67}},"loc":{"start":{"line":2,"column":0},"end":{"line":2,"column":67}},"line":2},"2":{"name":"o","decl":{"start":{"line":2,"column":0},"end":{"line":2,"column":67}},"loc":{"start":{"line":2,"column":0},"end":{"line":2,"column":67}},"line":2},"3":{"name":"define","decl":{"start":{"line":2,"column":0},"end":{"line":2,"column":67}},"loc":{"start":{"line":2,"column":0},"end":{"line":2,"column":67}},"line":2},"4":{"name":"define","decl":{"start":{"line":2,"column":0},"end":{"line":2,"column":67}},"loc":{"start":{"line":2,"column":0},"end":{"line":2,"column":67}},"line":2},"5":{"name":"wrap","decl":{"start":{"line":2,"column":0},"end":{"line":2,"column":67}},"loc":{"start":{"line":2,"column":0},"end":{"line":2,"column":67}},"line":2},"6":{"name":"tryCatch","decl":{"start":{"line":2,"column":0},"end":{"line":2,"column":67}},"loc":{"start":{"line":2,"column":0},"end":{"line":2,"column":67}},"line":2},"7":{"name":"Generator","decl":{"start":{"line":2,"column":0},"end":{"line":2,"column":67}},"loc":{"start":{"line":2,"column":0},"end":{"line":2,"column":67}},"line":2},"8":{"name":"GeneratorFunction","decl":{"start":{"line":2,"column":0},"end":{"line":2,"column":67}},"loc":{"start":{"line":2,"column":0},"end":{"line":2,"column":67}},"line":2},"9":{"name":"GeneratorFunctionPrototype","decl":{"start":{"line":2,"column":0},"end":{"line":2,"column":67}},"loc":{"start":{"line":2,"column":0},"end":{"line":2,"column":67}},"line":2},"10":{"name":"defineIteratorMethods","decl":{"start":{"line":2,"column":0},"end":{"line":2,"column":67}},"loc":{"start":{"line":2,"column":0},"end":{"line":2,"column":67}},"line":2},"11":{"name":"AsyncIterator","decl":{"start":{"line":2,"column":0},"end":{"line":2,"column":67}},"loc":{"start":{"line":2,"column":0},"end":{"line":2,"column":67}},"line":2},"12":{"name":"makeInvokeMethod","decl":{"start":{"line":2,"column":0},"end":{"line":2,"column":67}},"loc":{"start":{"line":2,"column":0},"end":{"line":2,"column":67}},"line":2},"13":{"name":"maybeInvokeDelegate","decl":{"start":{"line":2,"column":0},"end":{"line":2,"column":67}},"loc":{"start":{"line":2,"column":0},"end":{"line":2,"column":67}},"line":2},"14":{"name":"pushTryEntry","decl":{"start":{"line":2,"column":0},"end":{"line":2,"column":67}},"loc":{"start":{"line":2,"column":0},"end":{"line":2,"column":67}},"line":2},"15":{"name":"resetTryEntry","decl":{"start":{"line":2,"column":0},"end":{"line":2,"column":67}},"loc":{"start":{"line":2,"column":0},"end":{"line":2,"column":67}},"line":2},"16":{"name":"Context","decl":{"start":{"line":2,"column":0},"end":{"line":2,"column":67}},"loc":{"start":{"line":2,"column":0},"end":{"line":2,"column":67}},"line":2},"17":{"name":"values","decl":{"start":{"line":2,"column":0},"end":{"line":2,"column":67}},"loc":{"start":{"line":2,"column":0},"end":{"line":2,"column":67}},"line":2},"18":{"name":"next","decl":{"start":{"line":2,"column":0},"end":{"line":2,"column":67}},"loc":{"start":{"line":2,"column":0},"end":{"line":2,"column":67}},"line":2},"19":{"name":"e.isGeneratorFunction","decl":{"start":{"line":2,"column":0},"end":{"line":2,"column":67}},"loc":{"start":{"line":2,"column":0},"end":{"line":2,"column":67}},"line":2},"20":{"name":"e.mark","decl":{"start":{"line":2,"column":0},"end":{"line":2,"column":67}},"loc":{"start":{"line":2,"column":0},"end":{"line":2,"column":67}},"line":2},"21":{"name":"e.awrap","decl":{"start":{"line":2,"column":0},"end":{"line":2,"column":67}},"loc":{"start":{"line":2,"column":0},"end":{"line":2,"column":67}},"line":2},"22":{"name":"e.async","decl":{"start":{"line":2,"column":0},"end":{"line":2,"column":67}},"loc":{"start":{"line":2,"column":0},"end":{"line":2,"column":67}},"line":2},"23":{"name":"e.keys","decl":{"start":{"line":2,"column":0},"end":{"line":2,"column":67}},"loc":{"start":{"line":2,"column":0},"end":{"line":2,"column":67}},"line":2},"24":{"name":"reset","decl":{"start":{"line":2,"column":0},"end":{"line":2,"column":67}},"loc":{"start":{"line":2,"column":0},"end":{"line":2,"column":67}},"line":2},"25":{"name":"stop","decl":{"start":{"line":2,"column":0},"end":{"line":2,"column":67}},"loc":{"start":{"line":2,"column":0},"end":{"line":2,"column":67}},"line":2},"26":{"name":"dispatchException","decl":{"start":{"line":2,"column":0},"end":{"line":2,"column":67}},"loc":{"start":{"line":2,"column":0},"end":{"line":2,"column":67}},"line":2},"27":{"name":"abrupt","decl":{"start":{"line":2,"column":0},"end":{"line":2,"column":67}},"loc":{"start":{"line":2,"column":0},"end":{"line":2,"column":67}},"line":2},"28":{"name":"complete","decl":{"start":{"line":2,"column":0},"end":{"line":2,"column":67}},"loc":{"start":{"line":2,"column":0},"end":{"line":2,"column":67}},"line":2},"29":{"name":"finish","decl":{"start":{"line":2,"column":0},"end":{"line":2,"column":67}},"loc":{"start":{"line":2,"column":0},"end":{"line":2,"column":67}},"line":2},"30":{"name":"_catch","decl":{"start":{"line":2,"column":0},"end":{"line":2,"column":67}},"loc":{"start":{"line":2,"column":0},"end":{"line":2,"column":67}},"line":2},"31":{"name":"delegateYield","decl":{"start":{"line":2,"column":0},"end":{"line":2,"column":67}},"loc":{"start":{"line":2,"column":0},"end":{"line":2,"column":67}},"line":2},"32":{"name":"asyncGeneratorStep","decl":{"start":{"line":2,"column":0},"end":{"line":2,"column":67}},"loc":{"start":{"line":2,"column":0},"end":{"line":2,"column":67}},"line":2},"33":{"name":"_asyncToGenerator","decl":{"start":{"line":2,"column":0},"end":{"line":2,"column":67}},"loc":{"start":{"line":2,"column":0},"end":{"line":2,"column":67}},"line":2},"34":{"name":"checkResponse","decl":{"start":{"line":8,"column":22},"end":{"line":9,"column":70}},"loc":{"start":{"line":8,"column":22},"end":{"line":9,"column":70}},"line":8},"35":{"name":"refreshToken","decl":{"start":{"line":20,"column":28},"end":{"line":38,"column":7}},"loc":{"start":{"line":20,"column":28},"end":{"line":38,"column":7}},"line":20},"36":{"name":"_callee","decl":{"start":{"line":40,"column":32},"end":{"line":57,"column":33}},"loc":{"start":{"line":40,"column":32},"end":{"line":57,"column":33}},"line":40},"37":{"name":"getMenuItemsApi","decl":{"start":{"line":62,"column":31},"end":{"line":65,"column":26}},"loc":{"start":{"line":62,"column":31},"end":{"line":65,"column":26}},"line":62},"38":{"name":"delMenuItemApi","decl":{"start":{"line":68,"column":30},"end":{"line":88,"column":7}},"loc":{"start":{"line":68,"column":30},"end":{"line":88,"column":7}},"line":68},"39":{"name":"addMenuItemApi","decl":{"start":{"line":91,"column":30},"end":{"line":100,"column":26}},"loc":{"start":{"line":91,"column":30},"end":{"line":100,"column":26}},"line":91},"40":{"name":"changeMenuItemApi","decl":{"start":{"line":103,"column":33},"end":{"line":112,"column":26}},"loc":{"start":{"line":103,"column":33},"end":{"line":112,"column":26}},"line":103},"41":{"name":"getFaqItemsApi","decl":{"start":{"line":115,"column":30},"end":{"line":118,"column":26}},"loc":{"start":{"line":115,"column":30},"end":{"line":118,"column":26}},"line":115},"42":{"name":"searchFaqItemApi","decl":{"start":{"line":121,"column":32},"end":{"line":124,"column":26}},"loc":{"start":{"line":121,"column":32},"end":{"line":124,"column":26}},"line":121},"43":{"name":"delFaqItemApi","decl":{"start":{"line":127,"column":29},"end":{"line":135,"column":26}},"loc":{"start":{"line":127,"column":29},"end":{"line":135,"column":26}},"line":127},"44":{"name":"addFaqItemApi","decl":{"start":{"line":138,"column":29},"end":{"line":147,"column":26}},"loc":{"start":{"line":138,"column":29},"end":{"line":147,"column":26}},"line":138},"45":{"name":"changeFaqItemApi","decl":{"start":{"line":150,"column":32},"end":{"line":163,"column":26}},"loc":{"start":{"line":150,"column":32},"end":{"line":163,"column":26}},"line":150},"46":{"name":"getCardsApi","decl":{"start":{"line":166,"column":27},"end":{"line":169,"column":26}},"loc":{"start":{"line":166,"column":27},"end":{"line":169,"column":26}},"line":166},"47":{"name":"delCardApi","decl":{"start":{"line":172,"column":26},"end":{"line":181,"column":26}},"loc":{"start":{"line":172,"column":26},"end":{"line":181,"column":26}},"line":172},"48":{"name":"addCardApi","decl":{"start":{"line":184,"column":26},"end":{"line":198,"column":26}},"loc":{"start":{"line":184,"column":26},"end":{"line":198,"column":26}},"line":184},"49":{"name":"changeCardTextApi","decl":{"start":{"line":201,"column":33},"end":{"line":214,"column":26}},"loc":{"start":{"line":201,"column":33},"end":{"line":214,"column":26}},"line":201},"50":{"name":"changeCardImageApi","decl":{"start":{"line":217,"column":34},"end":{"line":231,"column":2}},"loc":{"start":{"line":217,"column":34},"end":{"line":231,"column":2}},"line":217},"51":{"name":"registerUserApi","decl":{"start":{"line":250,"column":31},"end":{"line":262,"column":7}},"loc":{"start":{"line":250,"column":31},"end":{"line":262,"column":7}},"line":250},"52":{"name":"loginUserApi","decl":{"start":{"line":265,"column":28},"end":{"line":277,"column":7}},"loc":{"start":{"line":265,"column":28},"end":{"line":277,"column":7}},"line":265},"53":{"name":"getUserApi","decl":{"start":{"line":279,"column":26},"end":{"line":284,"column":5}},"loc":{"start":{"line":279,"column":26},"end":{"line":284,"column":5}},"line":279},"54":{"name":"logoutApi","decl":{"start":{"line":286,"column":25},"end":{"line":295,"column":60}},"loc":{"start":{"line":286,"column":25},"end":{"line":295,"column":60}},"line":286}},"f":{"0":2,"1":0,"2":0,"3":26,"4":0,"5":0,"6":0,"7":0,"8":0,"9":0,"10":4,"11":0,"12":0,"13":0,"14":0,"15":0,"16":0,"17":2,"18":0,"19":0,"20":2,"21":0,"22":0,"23":0,"24":0,"25":0,"26":0,"27":0,"28":0,"29":0,"30":0,"31":0,"32":0,"33":2,"34":0,"35":0,"36":0,"37":0,"38":0,"39":0,"40":0,"41":0,"42":0,"43":0,"44":0,"45":0,"46":0,"47":0,"48":0,"49":0,"50":0,"51":0,"52":0,"53":0,"54":0}}
}
