TN:
SF:src\services\store.ts
FN:25,useDispatch
FNF:1
FNH:0
FNDA:0,useDispatch
DA:1,1
DA:2,1
DA:3,1
DA:4,1
DA:5,1
DA:6,1
DA:7,1
DA:8,1
DA:9,1
DA:10,1
DA:11,1
DA:12,1
DA:13,1
DA:14,1
DA:15,1
DA:16,1
DA:17,1
DA:18,1
DA:19,1
DA:20,1
DA:21,1
DA:22,1
DA:23,1
DA:24,1
DA:25,1
DA:26,1
DA:27,1
DA:28,1
DA:29,1
LF:29
LH:29
BRF:0
BRH:0
end_of_record
TN:
SF:src\services\slices\cardSlice.ts
FN:2,asyncGeneratorStep
FN:2,_asyncToGenerator
FN:2,_next
FN:2,_throw
FN:18,_callee
FN:18,_callee$
FN:23,_callee2
FN:23,_callee2$
FN:31,_callee3
FN:31,_callee3$
FN:45,_callee4
FN:57,_callee5
FN:82,removeCard
FN:89,addCard
FN:93,changeCard
FN:104,extraReducers
FNF:16
FNH:13
FNDA:12,asyncGeneratorStep
FNDA:10,_asyncToGenerator
FNDA:12,_next
FNDA:0,_throw
FNDA:2,_callee
FNDA:6,_callee$
FNDA:2,_callee2
FNDA:6,_callee2$
FNDA:2,_callee3
FNDA:6,_callee3$
FNDA:0,_callee4
FNDA:0,_callee5
FNDA:1,removeCard
FNDA:2,addCard
FNDA:1,changeCard
FNDA:2,extraReducers
DA:1,1
DA:2,0
DA:3,1
DA:4,1
DA:5,1
DA:6,1
DA:7,1
DA:8,1
DA:9,1
DA:10,1
DA:11,1
DA:12,1
DA:13,1
DA:14,1
DA:15,1
DA:16,1
DA:17,1
DA:18,2
DA:19,1
DA:20,1
DA:21,1
DA:22,1
DA:23,2
DA:24,1
DA:25,1
DA:26,1
DA:27,1
DA:28,1
DA:29,1
DA:30,1
DA:31,2
DA:32,2
DA:33,2
DA:34,2
DA:35,2
DA:36,2
DA:37,2
DA:38,1
DA:39,1
DA:40,1
DA:41,1
DA:42,1
DA:43,1
DA:44,1
DA:45,2
DA:46,0
DA:47,0
DA:48,0
DA:49,0
DA:50,1
DA:51,1
DA:52,1
DA:53,1
DA:54,1
DA:55,1
DA:56,1
DA:57,2
DA:58,0
DA:59,0
DA:60,0
DA:61,0
DA:62,0
DA:63,0
DA:64,1
DA:65,1
DA:66,1
DA:67,1
DA:68,1
DA:69,1
DA:70,1
DA:71,1
DA:72,1
DA:73,1
DA:74,1
DA:75,1
DA:76,1
DA:77,1
DA:78,1
DA:79,1
DA:80,1
DA:81,1
DA:82,1
DA:83,1
DA:84,1
DA:85,1
DA:86,1
DA:87,1
DA:88,1
DA:89,1
DA:90,2
DA:91,1
DA:92,1
DA:93,1
DA:94,1
DA:95,1
DA:96,1
DA:97,1
DA:98,1
DA:99,1
DA:100,1
DA:101,1
DA:102,1
DA:103,1
DA:104,1
DA:105,2
DA:106,2
DA:107,2
DA:108,2
DA:109,2
DA:110,2
DA:111,2
DA:112,2
DA:113,2
DA:114,2
DA:115,2
DA:116,1
DA:117,1
DA:118,2
DA:119,2
DA:120,2
DA:121,2
DA:122,2
DA:123,2
DA:124,2
DA:125,2
DA:126,2
DA:127,2
DA:128,2
DA:129,1
DA:130,1
DA:131,2
DA:132,2
DA:133,0
DA:134,0
DA:135,2
DA:136,2
DA:137,0
DA:138,0
DA:139,0
DA:140,0
DA:141,0
DA:142,0
DA:143,0
DA:144,0
DA:145,0
DA:146,2
DA:147,2
DA:148,0
DA:149,0
DA:150,2
DA:151,2
DA:152,2
DA:153,2
DA:154,2
DA:155,2
DA:156,2
DA:157,2
DA:158,2
DA:159,2
DA:160,2
DA:161,1
DA:162,1
DA:163,2
DA:164,2
DA:165,1
DA:166,1
DA:167,1
DA:168,1
LF:168
LH:144
BRDA:2,0,0,12
BRDA:2,1,0,0
BRDA:2,2,0,6
BRDA:2,3,0,6
BRDA:2,4,0,10
BRDA:2,5,0,6
BRDA:2,6,0,6
BRDA:2,7,0,12
BRDA:17,8,0,2
BRDA:18,9,0,2
BRDA:18,10,0,6
BRDA:18,11,0,2
BRDA:22,12,0,2
BRDA:23,13,0,2
BRDA:23,14,0,6
BRDA:23,15,0,2
BRDA:30,16,0,2
BRDA:31,17,0,2
BRDA:31,18,0,6
BRDA:31,19,0,2
BRDA:44,20,0,2
BRDA:56,21,0,2
BRDA:82,22,0,1
BRDA:86,23,0,1
BRDA:89,24,0,2
BRDA:93,25,0,1
BRDA:95,26,0,1
BRDA:104,27,0,2
BRDA:106,28,0,2
BRDA:110,29,0,2
BRDA:115,30,0,1
BRDA:119,31,0,2
BRDA:123,32,0,2
BRDA:128,33,0,1
BRDA:151,34,0,2
BRDA:155,35,0,2
BRDA:158,36,0,10
BRDA:160,37,0,1
BRF:38
BRH:37
end_of_record
TN:
SF:src\services\slices\faqSlice.ts
FN:2,asyncGeneratorStep
FN:2,_asyncToGenerator
FN:17,_callee
FN:22,_callee2
FN:27,_callee3
FN:35,_callee4
FN:44,_callee5
FN:65,addFaqItem
FN:70,deleteFaqItem
FN:75,updateFaqItem
FN:84,extraReducers
FNF:11
FNH:5
FNDA:0,asyncGeneratorStep
FNDA:15,_asyncToGenerator
FNDA:0,_callee
FNDA:0,_callee2
FNDA:0,_callee3
FNDA:0,_callee4
FNDA:0,_callee5
FNDA:2,addFaqItem
FNDA:1,deleteFaqItem
FNDA:1,updateFaqItem
FNDA:3,extraReducers
DA:1,1
DA:2,0
DA:3,1
DA:4,1
DA:5,1
DA:6,1
DA:7,1
DA:8,1
DA:9,1
DA:10,1
DA:11,1
DA:12,1
DA:13,1
DA:14,1
DA:15,1
DA:16,1
DA:17,1
DA:18,1
DA:19,1
DA:20,1
DA:21,1
DA:22,3
DA:23,1
DA:24,1
DA:25,1
DA:26,1
DA:27,3
DA:28,1
DA:29,1
DA:30,1
DA:31,1
DA:32,1
DA:33,1
DA:34,1
DA:35,3
DA:36,0
DA:37,0
DA:38,0
DA:39,0
DA:40,1
DA:41,1
DA:42,1
DA:43,1
DA:44,3
DA:45,1
DA:46,1
DA:47,1
DA:48,1
DA:49,1
DA:50,1
DA:51,1
DA:52,1
DA:53,1
DA:54,1
DA:55,1
DA:56,1
DA:57,1
DA:58,1
DA:59,1
DA:60,1
DA:61,1
DA:62,1
DA:63,1
DA:64,1
DA:65,1
DA:66,2
DA:67,1
DA:68,1
DA:69,1
DA:70,1
DA:71,1
DA:72,1
DA:73,1
DA:74,1
DA:75,1
DA:76,1
DA:77,1
DA:78,1
DA:79,1
DA:80,1
DA:81,1
DA:82,1
DA:83,1
DA:84,1
DA:85,3
DA:86,3
DA:87,0
DA:88,0
DA:89,3
DA:90,3
DA:91,0
DA:92,0
DA:93,0
DA:94,3
DA:95,3
DA:96,0
DA:97,0
DA:98,3
DA:99,3
DA:100,0
DA:101,0
DA:102,3
DA:103,3
DA:104,0
DA:105,0
DA:106,0
DA:107,3
DA:108,3
DA:109,0
DA:110,0
DA:111,3
DA:112,3
DA:113,0
DA:114,0
DA:115,3
DA:116,3
DA:117,0
DA:118,0
DA:119,0
DA:120,3
DA:121,3
DA:122,0
DA:123,0
DA:124,3
DA:125,3
DA:126,0
DA:127,0
DA:128,3
DA:129,3
DA:130,0
DA:131,0
DA:132,0
DA:133,0
DA:134,0
DA:135,3
DA:136,3
DA:137,0
DA:138,0
DA:139,3
DA:140,3
DA:141,0
DA:142,0
DA:143,3
DA:144,3
DA:145,0
DA:146,0
DA:147,0
DA:148,0
DA:149,0
DA:150,0
DA:151,0
DA:152,0
DA:153,0
DA:154,0
DA:155,3
DA:156,3
DA:157,0
DA:158,0
DA:159,0
DA:160,3
DA:161,3
DA:162,1
DA:163,1
DA:164,1
DA:165,1
LF:165
LH:115
BRDA:2,0,0,15
BRDA:21,1,0,3
BRDA:26,2,0,3
BRDA:34,3,0,3
BRDA:43,4,0,3
BRDA:65,5,0,2
BRDA:70,6,0,1
BRDA:71,7,0,1
BRDA:75,8,0,1
BRDA:79,9,0,0
BRDA:80,10,0,0
BRDA:77,11,0,1
BRDA:84,12,0,3
BRF:13
BRH:11
end_of_record
TN:
SF:src\services\slices\menuItemSlice.ts
FN:2,asyncGeneratorStep
FN:2,_asyncToGenerator
FN:18,_callee
FN:23,_callee2
FN:28,_callee3
FN:39,_callee4
FN:60,setSelectedMenuItem
FN:65,extraReducers
FNF:8
FNH:3
FNDA:0,asyncGeneratorStep
FNDA:12,_asyncToGenerator
FNDA:0,_callee
FNDA:0,_callee2
FNDA:0,_callee3
FNDA:0,_callee4
FNDA:2,setSelectedMenuItem
FNDA:3,extraReducers
DA:1,1
DA:2,0
DA:3,1
DA:4,1
DA:5,1
DA:6,1
DA:7,1
DA:8,1
DA:9,1
DA:10,1
DA:11,1
DA:12,1
DA:13,1
DA:14,1
DA:15,1
DA:16,1
DA:17,1
DA:18,1
DA:19,1
DA:20,1
DA:21,1
DA:22,1
DA:23,3
DA:24,1
DA:25,1
DA:26,1
DA:27,1
DA:28,3
DA:29,0
DA:30,0
DA:31,3
DA:32,1
DA:33,1
DA:34,1
DA:35,1
DA:36,1
DA:37,1
DA:38,1
DA:39,3
DA:40,0
DA:41,1
DA:42,1
DA:43,1
DA:44,1
DA:45,1
DA:46,1
DA:47,1
DA:48,1
DA:49,1
DA:50,1
DA:51,1
DA:52,1
DA:53,1
DA:54,1
DA:55,1
DA:56,1
DA:57,1
DA:58,1
DA:59,1
DA:60,1
DA:61,2
DA:62,2
DA:63,2
DA:64,1
DA:65,1
DA:66,3
DA:67,3
DA:68,0
DA:69,0
DA:70,3
DA:71,3
DA:72,0
DA:73,0
DA:74,0
DA:75,3
DA:76,3
DA:77,0
DA:78,0
DA:79,3
DA:80,3
DA:81,3
DA:82,0
DA:83,0
DA:84,0
DA:85,0
DA:86,0
DA:87,0
DA:88,0
DA:89,0
DA:90,0
DA:91,0
DA:92,3
DA:93,3
DA:94,0
DA:95,0
DA:96,0
DA:97,3
DA:98,3
DA:99,0
DA:100,0
DA:101,3
DA:102,3
DA:103,0
DA:104,0
DA:105,0
DA:106,0
DA:107,0
DA:108,0
DA:109,3
DA:110,3
DA:111,0
DA:112,0
DA:113,3
DA:114,3
DA:115,1
DA:116,1
DA:117,1
DA:118,1
LF:118
LH:84
BRDA:2,0,0,12
BRDA:22,1,0,3
BRDA:27,2,0,3
BRDA:38,3,0,3
BRDA:60,4,0,2
BRDA:65,5,0,3
BRF:6
BRH:6
end_of_record
TN:
SF:src\services\slices\userSlice.ts
FN:2,asyncGeneratorStep
FN:2,_asyncToGenerator
FN:38,_callee
FN:49,_callee2
FN:63,_callee3
FN:76,_callee4
FN:89,extraReducers
FNF:7
FNH:2
FNDA:0,asyncGeneratorStep
FNDA:8,_asyncToGenerator
FNDA:0,_callee
FNDA:0,_callee2
FNDA:0,_callee3
FNDA:0,_callee4
FNDA:2,extraReducers
DA:1,1
DA:2,0
DA:3,1
DA:4,1
DA:5,1
DA:6,1
DA:7,1
DA:8,1
DA:9,1
DA:10,1
DA:11,1
DA:12,1
DA:13,1
DA:14,1
DA:15,1
DA:16,1
DA:17,1
DA:18,1
DA:19,1
DA:20,1
DA:21,1
DA:22,1
DA:23,1
DA:24,1
DA:25,1
DA:26,1
DA:27,1
DA:28,1
DA:29,1
DA:30,1
DA:31,1
DA:32,1
DA:33,1
DA:34,1
DA:35,1
DA:36,1
DA:37,1
DA:38,2
DA:39,0
DA:40,0
DA:41,0
DA:42,0
DA:43,0
DA:44,2
DA:45,1
DA:46,1
DA:47,1
DA:48,1
DA:49,2
DA:50,0
DA:51,0
DA:52,0
DA:53,0
DA:54,0
DA:55,0
DA:56,0
DA:57,0
DA:58,2
DA:59,1
DA:60,1
DA:61,1
DA:62,1
DA:63,2
DA:64,0
DA:65,0
DA:66,0
DA:67,0
DA:68,0
DA:69,0
DA:70,0
DA:71,2
DA:72,1
DA:73,1
DA:74,1
DA:75,1
DA:76,2
DA:77,0
DA:78,0
DA:79,0
DA:80,0
DA:81,0
DA:82,2
DA:83,1
DA:84,1
DA:85,1
DA:86,1
DA:87,1
DA:88,1
DA:89,1
DA:90,2
DA:91,2
DA:92,1
DA:93,2
DA:94,2
DA:95,1
DA:96,1
DA:97,1
DA:98,1
DA:99,2
DA:100,2
DA:101,0
DA:102,0
DA:103,0
DA:104,2
DA:105,2
DA:106,1
DA:107,2
DA:108,2
DA:109,1
DA:110,1
DA:111,1
DA:112,1
DA:113,1
DA:114,1
DA:115,2
DA:116,2
DA:117,1
DA:118,1
DA:119,1
DA:120,2
DA:121,2
DA:122,1
DA:123,1
DA:124,1
DA:125,1
DA:126,1
DA:127,1
DA:128,2
DA:129,2
DA:130,1
DA:131,2
DA:132,2
DA:133,1
DA:134,1
DA:135,1
DA:136,2
DA:137,2
DA:138,1
DA:139,2
DA:140,2
DA:141,1
DA:142,1
DA:143,1
LF:143
LH:114
BRDA:2,0,0,8
BRDA:37,1,0,2
BRDA:48,2,0,2
BRDA:62,3,0,2
BRDA:75,4,0,2
BRDA:89,5,0,2
BRDA:91,6,0,1
BRDA:94,7,0,1
BRDA:105,8,0,1
BRDA:108,9,0,1
BRDA:116,10,0,1
BRDA:118,11,0,0
BRDA:121,12,0,1
BRDA:129,13,0,1
BRDA:132,14,0,1
BRDA:137,15,0,1
BRF:16
BRH:15
end_of_record
TN:
SF:src\utils\auth.ts
FN:3,storeTokens
FN:9,clearTokens
FNF:2
FNH:0
FNDA:0,storeTokens
FNDA:0,clearTokens
DA:1,1
DA:2,1
DA:3,1
DA:4,0
DA:5,0
DA:6,0
DA:7,0
DA:8,1
DA:9,1
DA:10,0
DA:11,0
DA:12,0
DA:13,0
LF:13
LH:5
BRF:0
BRH:0
end_of_record
TN:
SF:src\utils\cookie.ts
FN:1,getCookie
FN:13,setCookie
FN:45,deleteCookie
FNF:3
FNH:0
FNDA:0,getCookie
FNDA:0,setCookie
FNDA:0,deleteCookie
DA:1,1
DA:2,0
DA:3,0
DA:4,0
DA:5,0
DA:6,0
DA:7,0
DA:8,0
DA:9,0
DA:10,0
DA:11,0
DA:12,1
DA:13,1
DA:14,0
DA:15,0
DA:16,0
DA:17,0
DA:18,0
DA:19,0
DA:20,0
DA:21,0
DA:22,0
DA:23,0
DA:24,0
DA:25,0
DA:26,0
DA:27,0
DA:28,0
DA:29,0
DA:30,0
DA:31,0
DA:32,0
DA:33,0
DA:34,0
DA:35,0
DA:36,0
DA:37,0
DA:38,0
DA:39,0
DA:40,0
DA:41,0
DA:42,0
DA:43,0
DA:44,1
DA:45,1
DA:46,0
DA:47,0
LF:47
LH:5
BRF:0
BRH:0
end_of_record
TN:
SF:src\utils\handbook-api.ts
FN:2,_regeneratorRuntime
FN:2,_regeneratorRuntime
FN:2,o
FN:2,define
FN:2,define
FN:2,wrap
FN:2,tryCatch
FN:2,Generator
FN:2,GeneratorFunction
FN:2,GeneratorFunctionPrototype
FN:2,defineIteratorMethods
FN:2,AsyncIterator
FN:2,makeInvokeMethod
FN:2,maybeInvokeDelegate
FN:2,pushTryEntry
FN:2,resetTryEntry
FN:2,Context
FN:2,values
FN:2,next
FN:2,e.isGeneratorFunction
FN:2,e.mark
FN:2,e.awrap
FN:2,e.async
FN:2,e.keys
FN:2,reset
FN:2,stop
FN:2,dispatchException
FN:2,abrupt
FN:2,complete
FN:2,finish
FN:2,_catch
FN:2,delegateYield
FN:2,asyncGeneratorStep
FN:2,_asyncToGenerator
FN:8,checkResponse
FN:20,refreshToken
FN:40,_callee
FN:62,getMenuItemsApi
FN:68,delMenuItemApi
FN:91,addMenuItemApi
FN:103,changeMenuItemApi
FN:115,getFaqItemsApi
FN:121,searchFaqItemApi
FN:127,delFaqItemApi
FN:138,addFaqItemApi
FN:150,changeFaqItemApi
FN:166,getCardsApi
FN:172,delCardApi
FN:184,addCardApi
FN:201,changeCardTextApi
FN:217,changeCardImageApi
FN:250,registerUserApi
FN:265,loginUserApi
FN:279,getUserApi
FN:286,logoutApi
FNF:55
FNH:6
FNDA:2,_regeneratorRuntime
FNDA:0,_regeneratorRuntime
FNDA:0,o
FNDA:26,define
FNDA:0,define
FNDA:0,wrap
FNDA:0,tryCatch
FNDA:0,Generator
FNDA:0,GeneratorFunction
FNDA:0,GeneratorFunctionPrototype
FNDA:4,defineIteratorMethods
FNDA:0,AsyncIterator
FNDA:0,makeInvokeMethod
FNDA:0,maybeInvokeDelegate
FNDA:0,pushTryEntry
FNDA:0,resetTryEntry
FNDA:0,Context
FNDA:2,values
FNDA:0,next
FNDA:0,e.isGeneratorFunction
FNDA:2,e.mark
FNDA:0,e.awrap
FNDA:0,e.async
FNDA:0,e.keys
FNDA:0,reset
FNDA:0,stop
FNDA:0,dispatchException
FNDA:0,abrupt
FNDA:0,complete
FNDA:0,finish
FNDA:0,_catch
FNDA:0,delegateYield
FNDA:0,asyncGeneratorStep
FNDA:2,_asyncToGenerator
FNDA:0,checkResponse
FNDA:0,refreshToken
FNDA:0,_callee
FNDA:0,getMenuItemsApi
FNDA:0,delMenuItemApi
FNDA:0,addMenuItemApi
FNDA:0,changeMenuItemApi
FNDA:0,getFaqItemsApi
FNDA:0,searchFaqItemApi
FNDA:0,delFaqItemApi
FNDA:0,addFaqItemApi
FNDA:0,changeFaqItemApi
FNDA:0,getCardsApi
FNDA:0,delCardApi
FNDA:0,addCardApi
FNDA:0,changeCardTextApi
FNDA:0,changeCardImageApi
FNDA:0,registerUserApi
FNDA:0,loginUserApi
FNDA:0,getUserApi
FNDA:0,logoutApi
DA:1,1
DA:2,0
DA:3,1
DA:4,1
DA:5,1
DA:6,1
DA:7,1
DA:8,1
DA:9,0
DA:10,1
DA:11,1
DA:12,1
DA:13,1
DA:14,1
DA:15,1
DA:16,1
DA:17,1
DA:18,1
DA:19,1
DA:20,1
DA:21,0
DA:22,0
DA:23,0
DA:24,0
DA:25,0
DA:26,0
DA:27,0
DA:28,0
DA:29,0
DA:30,0
DA:31,0
DA:32,0
DA:33,0
DA:34,0
DA:35,0
DA:36,0
DA:37,0
DA:38,0
DA:39,1
DA:40,1
DA:41,0
DA:42,0
DA:43,0
DA:44,0
DA:45,0
DA:46,0
DA:47,0
DA:48,0
DA:49,0
DA:50,0
DA:51,0
DA:52,0
DA:53,0
DA:54,0
DA:55,0
DA:56,0
DA:57,0
DA:58,1
DA:59,1
DA:60,1
DA:61,1
DA:62,1
DA:63,0
DA:64,0
DA:65,0
DA:66,1
DA:67,1
DA:68,1
DA:69,0
DA:70,0
DA:71,0
DA:72,0
DA:73,0
DA:74,0
DA:75,0
DA:76,0
DA:77,0
DA:78,0
DA:79,0
DA:80,0
DA:81,0
DA:82,0
DA:83,0
DA:84,0
DA:85,0
DA:86,0
DA:87,0
DA:88,0
DA:89,1
DA:90,1
DA:91,1
DA:92,0
DA:93,0
DA:94,0
DA:95,0
DA:96,0
DA:97,0
DA:98,0
DA:99,0
DA:100,0
DA:101,1
DA:102,1
DA:103,1
DA:104,0
DA:105,0
DA:106,0
DA:107,0
DA:108,0
DA:109,0
DA:110,0
DA:111,0
DA:112,0
DA:113,1
DA:114,1
DA:115,1
DA:116,0
DA:117,0
DA:118,0
DA:119,1
DA:120,1
DA:121,1
DA:122,0
DA:123,0
DA:124,0
DA:125,1
DA:126,1
DA:127,1
DA:128,0
DA:129,0
DA:130,0
DA:131,0
DA:132,0
DA:133,0
DA:134,0
DA:135,0
DA:136,1
DA:137,1
DA:138,1
DA:139,0
DA:140,0
DA:141,0
DA:142,0
DA:143,0
DA:144,0
DA:145,0
DA:146,0
DA:147,0
DA:148,1
DA:149,1
DA:150,1
DA:151,0
DA:152,0
DA:153,0
DA:154,0
DA:155,0
DA:156,0
DA:157,0
DA:158,0
DA:159,0
DA:160,0
DA:161,0
DA:162,0
DA:163,0
DA:164,1
DA:165,1
DA:166,1
DA:167,0
DA:168,0
DA:169,0
DA:170,1
DA:171,1
DA:172,1
DA:173,0
DA:174,0
DA:175,0
DA:176,0
DA:177,0
DA:178,0
DA:179,0
DA:180,0
DA:181,0
DA:182,1
DA:183,1
DA:184,1
DA:185,0
DA:186,0
DA:187,0
DA:188,0
DA:189,0
DA:190,0
DA:191,0
DA:192,0
DA:193,0
DA:194,0
DA:195,0
DA:196,0
DA:197,0
DA:198,0
DA:199,1
DA:200,1
DA:201,1
DA:202,0
DA:203,0
DA:204,0
DA:205,0
DA:206,0
DA:207,0
DA:208,0
DA:209,0
DA:210,0
DA:211,0
DA:212,0
DA:213,0
DA:214,0
DA:215,1
DA:216,1
DA:217,1
DA:218,0
DA:219,0
DA:220,0
DA:221,0
DA:222,0
DA:223,0
DA:224,0
DA:225,0
DA:226,0
DA:227,0
DA:228,0
DA:229,0
DA:230,0
DA:231,0
DA:232,1
DA:233,1
DA:234,1
DA:235,1
DA:236,1
DA:237,1
DA:238,1
DA:239,1
DA:240,1
DA:241,1
DA:242,1
DA:243,1
DA:244,1
DA:245,1
DA:246,1
DA:247,1
DA:248,1
DA:249,1
DA:250,1
DA:251,0
DA:252,0
DA:253,0
DA:254,0
DA:255,0
DA:256,0
DA:257,0
DA:258,0
DA:259,0
DA:260,0
DA:261,0
DA:262,0
DA:263,1
DA:264,1
DA:265,1
DA:266,0
DA:267,0
DA:268,0
DA:269,0
DA:270,0
DA:271,0
DA:272,0
DA:273,0
DA:274,0
DA:275,0
DA:276,0
DA:277,0
DA:278,1
DA:279,1
DA:280,0
DA:281,0
DA:282,0
DA:283,0
DA:284,0
DA:285,1
DA:286,1
DA:287,0
DA:288,0
DA:289,0
DA:290,0
DA:291,0
DA:292,0
DA:293,0
DA:294,0
DA:295,0
LF:295
LH:90
BRDA:2,0,0,2
BRDA:2,1,0,0
BRDA:2,2,0,0
BRDA:2,3,0,0
BRDA:2,4,0,0
BRDA:2,5,0,0
BRDA:2,6,0,0
BRDA:2,7,0,26
BRDA:2,8,0,4
BRDA:2,9,0,12
BRDA:2,10,0,2
BRDA:2,11,0,0
BRDA:2,12,0,0
BRDA:2,13,0,0
BRDA:2,14,0,2
BRDA:2,15,0,0
BRDA:2,16,0,2
BRDA:40,17,0,2
BRF:18
BRH:8
end_of_record
